# JRE version: Java(TM) SE Runtime Environment (8.0_92-b14) (build 1.8.0_92-b14)
# Java VM: Java HotSpot(TM) Client VM (25.92-b14 mixed mode windows-x86 )
Heap:
 def new generation   total 39424K, used 30523K [0x04a00000, 0x074c0000, 0x0f4a0000)
  eden space 35072K,  79% used [0x04a00000, 0x0653ad18, 0x06c40000)
  from space 4352K,  60% used [0x06c40000, 0x06ed41e0, 0x07080000)
  to   space 4352K,   0% used [0x07080000, 0x07080000, 0x074c0000)
 tenured generation   total 87424K, used 25549K [0x0f4a0000, 0x14a00000, 0x24a00000)
   the space 87424K,  29% used [0x0f4a0000, 0x10d93790, 0x10d93800, 0x14a00000)
 Metaspace       used 19671K, capacity 20152K, committed 20224K, reserved 20864K
GC Heap History (10 events):
Event: 2.323 GC heap before
{Heap before GC invocations=2 (full 0):
 def new generation   total 39296K, used 9214K [0x04a00000, 0x074a0000, 0x0f4a0000)
  eden space 34944K,  13% used [0x04a00000, 0x04ebf990, 0x06c20000)
  from space 4352K, 100% used [0x06c20000, 0x07060000, 0x07060000)
  to   space 4352K,   0% used [0x07060000, 0x07060000, 0x074a0000)
 tenured generation   total 87424K, used 8509K [0x0f4a0000, 0x14a00000, 0x24a00000)
   the space 87424K,   9% used [0x0f4a0000, 0x0fcef6e0, 0x0fcef800, 0x14a00000)
 Metaspace       used 11862K, capacity 12251K, committed 12288K, reserved 12672K
Event: 2.355 GC heap after
Heap after GC invocations=3 (full 1):
 def new generation   total 39424K, used 0K [0x04a00000, 0x074c0000, 0x0f4a0000)
  eden space 35072K,   0% used [0x04a00000, 0x04a00000, 0x06c40000)
  from space 4352K,   0% used [0x06c40000, 0x06c40000, 0x07080000)
  to   space 4352K,   0% used [0x07080000, 0x07080000, 0x074c0000)
 tenured generation   total 87424K, used 13327K [0x0f4a0000, 0x14a00000, 0x24a00000)
   the space 87424K,  15% used [0x0f4a0000, 0x101a3fc0, 0x101a4000, 0x14a00000)
 Metaspace       used 11862K, capacity 12251K, committed 12288K, reserved 12672K
}
Event: 4.049 GC heap before
{Heap before GC invocations=3 (full 1):
 def new generation   total 39424K, used 35072K [0x04a00000, 0x074c0000, 0x0f4a0000)
  eden space 35072K, 100% used [0x04a00000, 0x06c40000, 0x06c40000)
  from space 4352K,   0% used [0x06c40000, 0x06c40000, 0x07080000)
  to   space 4352K,   0% used [0x07080000, 0x07080000, 0x074c0000)
 tenured generation   total 87424K, used 13327K [0x0f4a0000, 0x14a00000, 0x24a00000)
   the space 87424K,  15% used [0x0f4a0000, 0x101a3fc0, 0x101a4000, 0x14a00000)
 Metaspace       used 14977K, capacity 15416K, committed 15488K, reserved 15744K
Event: 4.062 GC heap after
Heap after GC invocations=4 (full 1):
 def new generation   total 39424K, used 4352K [0x04a00000, 0x074c0000, 0x0f4a0000)
  eden space 35072K,   0% used [0x04a00000, 0x04a00000, 0x06c40000)
  from space 4352K, 100% used [0x07080000, 0x074c0000, 0x074c0000)
  to   space 4352K,   0% used [0x06c40000, 0x06c40000, 0x07080000)
 tenured generation   total 87424K, used 14449K [0x0f4a0000, 0x14a00000, 0x24a00000)
   the space 87424K,  16% used [0x0f4a0000, 0x102bc4e0, 0x102bc600, 0x14a00000)
 Metaspace       used 14977K, capacity 15416K, committed 15488K, reserved 15744K
}
Event: 14.119 GC heap before
{Heap before GC invocations=4 (full 1):
 def new generation   total 39424K, used 39424K [0x04a00000, 0x074c0000, 0x0f4a0000)
  eden space 35072K, 100% used [0x04a00000, 0x06c40000, 0x06c40000)
  from space 4352K, 100% used [0x07080000, 0x074c0000, 0x074c0000)
  to   space 4352K,   0% used [0x06c40000, 0x06c40000, 0x07080000)
 tenured generation   total 87424K, used 14449K [0x0f4a0000, 0x14a00000, 0x24a00000)
   the space 87424K,  16% used [0x0f4a0000, 0x102bc4e0, 0x102bc600, 0x14a00000)
 Metaspace       used 17731K, capacity 18218K, committed 18304K, reserved 18816K
Event: 14.143 GC heap after
Heap after GC invocations=5 (full 1):
 def new generation   total 39424K, used 4352K [0x04a00000, 0x074c0000, 0x0f4a0000)
  eden space 35072K,   0% used [0x04a00000, 0x04a00000, 0x06c40000)
  from space 4352K, 100% used [0x06c40000, 0x07080000, 0x07080000)
  to   space 4352K,   0% used [0x07080000, 0x07080000, 0x074c0000)
 tenured generation   total 87424K, used 20900K [0x0f4a0000, 0x14a00000, 0x24a00000)
   the space 87424K,  23% used [0x0f4a0000, 0x10909168, 0x10909200, 0x14a00000)
 Metaspace       used 17731K, capacity 18218K, committed 18304K, reserved 18816K
}
Event: 68.149 GC heap before
{Heap before GC invocations=5 (full 1):
 def new generation   total 39424K, used 39424K [0x04a00000, 0x074c0000, 0x0f4a0000)
  eden space 35072K, 100% used [0x04a00000, 0x06c40000, 0x06c40000)
  from space 4352K, 100% used [0x06c40000, 0x07080000, 0x07080000)
  to   space 4352K,   0% used [0x07080000, 0x07080000, 0x074c0000)
 tenured generation   total 87424K, used 20900K [0x0f4a0000, 0x14a00000, 0x24a00000)
   the space 87424K,  23% used [0x0f4a0000, 0x10909168, 0x10909200, 0x14a00000)
 Metaspace       used 19173K, capacity 19667K, committed 19712K, reserved 19840K
Event: 68.165 GC heap after
Heap after GC invocations=6 (full 1):
 def new generation   total 39424K, used 4021K [0x04a00000, 0x074c0000, 0x0f4a0000)
  eden space 35072K,   0% used [0x04a00000, 0x04a00000, 0x06c40000)
  from space 4352K,  92% used [0x07080000, 0x0746d708, 0x074c0000)
  to   space 4352K,   0% used [0x06c40000, 0x06c40000, 0x07080000)
 tenured generation   total 87424K, used 23492K [0x0f4a0000, 0x14a00000, 0x24a00000)
   the space 87424K,  26% used [0x0f4a0000, 0x10b91230, 0x10b91400, 0x14a00000)
 Metaspace       used 19173K, capacity 19667K, committed 19712K, reserved 19840K
}
Event: 964.057 GC heap before
{Heap before GC invocations=6 (full 1):
 def new generation   total 39424K, used 39093K [0x04a00000, 0x074c0000, 0x0f4a0000)
  eden space 35072K, 100% used [0x04a00000, 0x06c40000, 0x06c40000)
  from space 4352K,  92% used [0x07080000, 0x0746d708, 0x074c0000)
  to   space 4352K,   0% used [0x06c40000, 0x06c40000, 0x07080000)
 tenured generation   total 87424K, used 23492K [0x0f4a0000, 0x14a00000, 0x24a00000)
   the space 87424K,  26% used [0x0f4a0000, 0x10b91230, 0x10b91400, 0x14a00000)
 Metaspace       used 19625K, capacity 20120K, committed 20224K, reserved 20864K
Event: 964.072 GC heap after
Heap after GC invocations=7 (full 1):
 def new generation   total 39424K, used 2640K [0x04a00000, 0x074c0000, 0x0f4a0000)
  eden space 35072K,   0% used [0x04a00000, 0x04a00000, 0x06c40000)
  from space 4352K,  60% used [0x06c40000, 0x06ed41e0, 0x07080000)
  to   space 4352K,   0% used [0x07080000, 0x07080000, 0x074c0000)
 tenured generation   total 87424K, used 25549K [0x0f4a0000, 0x14a00000, 0x24a00000)
   the space 87424K,  29% used [0x0f4a0000, 0x10d93790, 0x10d93800, 0x14a00000)
 Metaspace       used 19625K, capacity 20120K, committed 20224K, reserved 20864K
}

