# JRE version: Java(TM) SE Runtime Environment (8.0_92-b14) (build 1.8.0_92-b14)
# Java VM: Java HotSpot(TM) Client VM (25.92-b14 mixed mode windows-x86 )
Heap:
 def new generation   total 39424K, used 23677K [0x05000000, 0x07ac0000, 0x0faa0000)
  eden space 35072K,  62% used [0x05000000, 0x065614f8, 0x07240000)
  from space 4352K,  41% used [0x07240000, 0x073fe2f0, 0x07680000)
  to   space 4352K,   0% used [0x07680000, 0x07680000, 0x07ac0000)
 tenured generation   total 87424K, used 26254K [0x0faa0000, 0x15000000, 0x25000000)
   the space 87424K,  30% used [0x0faa0000, 0x11443888, 0x11443a00, 0x15000000)
 Metaspace       used 19718K, capacity 20186K, committed 20224K, reserved 20864K
GC Heap History (10 events):
Event: 4.497 GC heap before
{Heap before GC invocations=2 (full 0):
 def new generation   total 39296K, used 10361K [0x05000000, 0x07aa0000, 0x0faa0000)
  eden space 34944K,  17% used [0x05000000, 0x055de548, 0x07220000)
  from space 4352K, 100% used [0x07220000, 0x07660000, 0x07660000)
  to   space 4352K,   0% used [0x07660000, 0x07660000, 0x07aa0000)
 tenured generation   total 87424K, used 8284K [0x0faa0000, 0x15000000, 0x25000000)
   the space 87424K,   9% used [0x0faa0000, 0x102b70f0, 0x102b7200, 0x15000000)
 Metaspace       used 11867K, capacity 12256K, committed 12288K, reserved 12672K
Event: 4.557 GC heap after
Heap after GC invocations=3 (full 1):
 def new generation   total 39424K, used 0K [0x05000000, 0x07ac0000, 0x0faa0000)
  eden space 35072K,   0% used [0x05000000, 0x05000000, 0x07240000)
  from space 4352K,   0% used [0x07240000, 0x07240000, 0x07680000)
  to   space 4352K,   0% used [0x07680000, 0x07680000, 0x07ac0000)
 tenured generation   total 87424K, used 13592K [0x0faa0000, 0x15000000, 0x25000000)
   the space 87424K,  15% used [0x0faa0000, 0x107e6328, 0x107e6400, 0x15000000)
 Metaspace       used 11867K, capacity 12256K, committed 12288K, reserved 12672K
}
Event: 6.868 GC heap before
{Heap before GC invocations=3 (full 1):
 def new generation   total 39424K, used 35072K [0x05000000, 0x07ac0000, 0x0faa0000)
  eden space 35072K, 100% used [0x05000000, 0x07240000, 0x07240000)
  from space 4352K,   0% used [0x07240000, 0x07240000, 0x07680000)
  to   space 4352K,   0% used [0x07680000, 0x07680000, 0x07ac0000)
 tenured generation   total 87424K, used 13592K [0x0faa0000, 0x15000000, 0x25000000)
   the space 87424K,  15% used [0x0faa0000, 0x107e6328, 0x107e6400, 0x15000000)
 Metaspace       used 16197K, capacity 16644K, committed 16768K, reserved 16768K
Event: 6.884 GC heap after
Heap after GC invocations=4 (full 1):
 def new generation   total 39424K, used 4352K [0x05000000, 0x07ac0000, 0x0faa0000)
  eden space 35072K,   0% used [0x05000000, 0x05000000, 0x07240000)
  from space 4352K, 100% used [0x07680000, 0x07ac0000, 0x07ac0000)
  to   space 4352K,   0% used [0x07240000, 0x07240000, 0x07680000)
 tenured generation   total 87424K, used 14820K [0x0faa0000, 0x15000000, 0x25000000)
   the space 87424K,  16% used [0x0faa0000, 0x10919028, 0x10919200, 0x15000000)
 Metaspace       used 16197K, capacity 16644K, committed 16768K, reserved 16768K
}
Event: 29.891 GC heap before
{Heap before GC invocations=4 (full 1):
 def new generation   total 39424K, used 39424K [0x05000000, 0x07ac0000, 0x0faa0000)
  eden space 35072K, 100% used [0x05000000, 0x07240000, 0x07240000)
  from space 4352K, 100% used [0x07680000, 0x07ac0000, 0x07ac0000)
  to   space 4352K,   0% used [0x07240000, 0x07240000, 0x07680000)
 tenured generation   total 87424K, used 14820K [0x0faa0000, 0x15000000, 0x25000000)
   the space 87424K,  16% used [0x0faa0000, 0x10919028, 0x10919200, 0x15000000)
 Metaspace       used 17801K, capacity 18278K, committed 18304K, reserved 18816K
Event: 29.914 GC heap after
Heap after GC invocations=5 (full 1):
 def new generation   total 39424K, used 4114K [0x05000000, 0x07ac0000, 0x0faa0000)
  eden space 35072K,   0% used [0x05000000, 0x05000000, 0x07240000)
  from space 4352K,  94% used [0x07240000, 0x07644948, 0x07680000)
  to   space 4352K,   0% used [0x07680000, 0x07680000, 0x07ac0000)
 tenured generation   total 87424K, used 21284K [0x0faa0000, 0x15000000, 0x25000000)
   the space 87424K,  24% used [0x0faa0000, 0x10f69030, 0x10f69200, 0x15000000)
 Metaspace       used 17801K, capacity 18278K, committed 18304K, reserved 18816K
}
Event: 71.952 GC heap before
{Heap before GC invocations=5 (full 1):
 def new generation   total 39424K, used 39186K [0x05000000, 0x07ac0000, 0x0faa0000)
  eden space 35072K, 100% used [0x05000000, 0x07240000, 0x07240000)
  from space 4352K,  94% used [0x07240000, 0x07644948, 0x07680000)
  to   space 4352K,   0% used [0x07680000, 0x07680000, 0x07ac0000)
 tenured generation   total 87424K, used 21284K [0x0faa0000, 0x15000000, 0x25000000)
   the space 87424K,  24% used [0x0faa0000, 0x10f69030, 0x10f69200, 0x15000000)
 Metaspace       used 19632K, capacity 20120K, committed 20224K, reserved 20864K
Event: 71.971 GC heap after
Heap after GC invocations=6 (full 1):
 def new generation   total 39424K, used 4346K [0x05000000, 0x07ac0000, 0x0faa0000)
  eden space 35072K,   0% used [0x05000000, 0x05000000, 0x07240000)
  from space 4352K,  99% used [0x07680000, 0x07abe8f0, 0x07ac0000)
  to   space 4352K,   0% used [0x07240000, 0x07240000, 0x07680000)
 tenured generation   total 87424K, used 23802K [0x0faa0000, 0x15000000, 0x25000000)
   the space 87424K,  27% used [0x0faa0000, 0x111de888, 0x111dea00, 0x15000000)
 Metaspace       used 19632K, capacity 20120K, committed 20224K, reserved 20864K
}
Event: 150.440 GC heap before
{Heap before GC invocations=6 (full 1):
 def new generation   total 39424K, used 39418K [0x05000000, 0x07ac0000, 0x0faa0000)
  eden space 35072K, 100% used [0x05000000, 0x07240000, 0x07240000)
  from space 4352K,  99% used [0x07680000, 0x07abe8f0, 0x07ac0000)
  to   space 4352K,   0% used [0x07240000, 0x07240000, 0x07680000)
 tenured generation   total 87424K, used 23802K [0x0faa0000, 0x15000000, 0x25000000)
   the space 87424K,  27% used [0x0faa0000, 0x111de888, 0x111dea00, 0x15000000)
 Metaspace       used 19718K, capacity 20186K, committed 20224K, reserved 20864K
Event: 150.459 GC heap after
Heap after GC invocations=7 (full 1):
 def new generation   total 39424K, used 1784K [0x05000000, 0x07ac0000, 0x0faa0000)
  eden space 35072K,   0% used [0x05000000, 0x05000000, 0x07240000)
  from space 4352K,  41% used [0x07240000, 0x073fe2f0, 0x07680000)
  to   space 4352K,   0% used [0x07680000, 0x07680000, 0x07ac0000)
 tenured generation   total 87424K, used 26254K [0x0faa0000, 0x15000000, 0x25000000)
   the space 87424K,  30% used [0x0faa0000, 0x11443888, 0x11443a00, 0x15000000)
 Metaspace       used 19718K, capacity 20186K, committed 20224K, reserved 20864K
}

