# JRE version: Java(TM) SE Runtime Environment (8.0_92-b14) (build 1.8.0_92-b14)
# Java VM: Java HotSpot(TM) Client VM (25.92-b14 mixed mode windows-x86 )
Heap:
 def new generation   total 39424K, used 21894K [0x04800000, 0x072c0000, 0x0f2a0000)
  eden space 35072K,  57% used [0x04800000, 0x05bd34d8, 0x06a40000)
  from space 4352K,  36% used [0x06a40000, 0x06bce348, 0x06e80000)
  to   space 4352K,   0% used [0x06e80000, 0x06e80000, 0x072c0000)
 tenured generation   total 87424K, used 26774K [0x0f2a0000, 0x14800000, 0x24800000)
   the space 87424K,  30% used [0x0f2a0000, 0x10cc5998, 0x10cc5a00, 0x14800000)
 Metaspace       used 19906K, capacity 20413K, committed 20480K, reserved 20864K
GC Heap History (10 events):
Event: 1096.669 GC heap before
{Heap before GC invocations=6 (full 1):
 def new generation   total 39424K, used 39424K [0x04800000, 0x072c0000, 0x0f2a0000)
  eden space 35072K, 100% used [0x04800000, 0x06a40000, 0x06a40000)
  from space 4352K, 100% used [0x06e80000, 0x072c0000, 0x072c0000)
  to   space 4352K,   0% used [0x06a40000, 0x06a40000, 0x06e80000)
 tenured generation   total 87424K, used 23923K [0x0f2a0000, 0x14800000, 0x24800000)
   the space 87424K,  27% used [0x0f2a0000, 0x109fcc70, 0x109fce00, 0x14800000)
 Metaspace       used 19639K, capacity 20120K, committed 20224K, reserved 20864K
Event: 1096.681 GC heap after
Heap after GC invocations=7 (full 1):
 def new generation   total 39424K, used 466K [0x04800000, 0x072c0000, 0x0f2a0000)
  eden space 35072K,   0% used [0x04800000, 0x04800000, 0x06a40000)
  from space 4352K,  10% used [0x06a40000, 0x06ab4af0, 0x06e80000)
  to   space 4352K,   0% used [0x06e80000, 0x06e80000, 0x072c0000)
 tenured generation   total 87424K, used 26774K [0x0f2a0000, 0x14800000, 0x24800000)
   the space 87424K,  30% used [0x0f2a0000, 0x10cc5998, 0x10cc5a00, 0x14800000)
 Metaspace       used 19639K, capacity 20120K, committed 20224K, reserved 20864K
}
Event: 1211.695 GC heap before
{Heap before GC invocations=7 (full 1):
 def new generation   total 39424K, used 35538K [0x04800000, 0x072c0000, 0x0f2a0000)
  eden space 35072K, 100% used [0x04800000, 0x06a40000, 0x06a40000)
  from space 4352K,  10% used [0x06a40000, 0x06ab4af0, 0x06e80000)
  to   space 4352K,   0% used [0x06e80000, 0x06e80000, 0x072c0000)
 tenured generation   total 87424K, used 26774K [0x0f2a0000, 0x14800000, 0x24800000)
   the space 87424K,  30% used [0x0f2a0000, 0x10cc5998, 0x10cc5a00, 0x14800000)
 Metaspace       used 19701K, capacity 20186K, committed 20224K, reserved 20864K
Event: 1211.699 GC heap after
Heap after GC invocations=8 (full 1):
 def new generation   total 39424K, used 1167K [0x04800000, 0x072c0000, 0x0f2a0000)
  eden space 35072K,   0% used [0x04800000, 0x04800000, 0x06a40000)
  from space 4352K,  26% used [0x06e80000, 0x06fa3ca8, 0x072c0000)
  to   space 4352K,   0% used [0x06a40000, 0x06a40000, 0x06e80000)
 tenured generation   total 87424K, used 26774K [0x0f2a0000, 0x14800000, 0x24800000)
   the space 87424K,  30% used [0x0f2a0000, 0x10cc5998, 0x10cc5a00, 0x14800000)
 Metaspace       used 19701K, capacity 20186K, committed 20224K, reserved 20864K
}
Event: 1350.663 GC heap before
{Heap before GC invocations=8 (full 1):
 def new generation   total 39424K, used 36239K [0x04800000, 0x072c0000, 0x0f2a0000)
  eden space 35072K, 100% used [0x04800000, 0x06a40000, 0x06a40000)
  from space 4352K,  26% used [0x06e80000, 0x06fa3ca8, 0x072c0000)
  to   space 4352K,   0% used [0x06a40000, 0x06a40000, 0x06e80000)
 tenured generation   total 87424K, used 26774K [0x0f2a0000, 0x14800000, 0x24800000)
   the space 87424K,  30% used [0x0f2a0000, 0x10cc5998, 0x10cc5a00, 0x14800000)
 Metaspace       used 19705K, capacity 20218K, committed 20352K, reserved 20864K
Event: 1350.667 GC heap after
Heap after GC invocations=9 (full 1):
 def new generation   total 39424K, used 1086K [0x04800000, 0x072c0000, 0x0f2a0000)
  eden space 35072K,   0% used [0x04800000, 0x04800000, 0x06a40000)
  from space 4352K,  24% used [0x06a40000, 0x06b4fbc8, 0x06e80000)
  to   space 4352K,   0% used [0x06e80000, 0x06e80000, 0x072c0000)
 tenured generation   total 87424K, used 26774K [0x0f2a0000, 0x14800000, 0x24800000)
   the space 87424K,  30% used [0x0f2a0000, 0x10cc5998, 0x10cc5a00, 0x14800000)
 Metaspace       used 19705K, capacity 20218K, committed 20352K, reserved 20864K
}
Event: 1471.593 GC heap before
{Heap before GC invocations=9 (full 1):
 def new generation   total 39424K, used 36158K [0x04800000, 0x072c0000, 0x0f2a0000)
  eden space 35072K, 100% used [0x04800000, 0x06a40000, 0x06a40000)
  from space 4352K,  24% used [0x06a40000, 0x06b4fbc8, 0x06e80000)
  to   space 4352K,   0% used [0x06e80000, 0x06e80000, 0x072c0000)
 tenured generation   total 87424K, used 26774K [0x0f2a0000, 0x14800000, 0x24800000)
   the space 87424K,  30% used [0x0f2a0000, 0x10cc5998, 0x10cc5a00, 0x14800000)
 Metaspace       used 19722K, capacity 20218K, committed 20352K, reserved 20864K
Event: 1471.597 GC heap after
Heap after GC invocations=10 (full 1):
 def new generation   total 39424K, used 1178K [0x04800000, 0x072c0000, 0x0f2a0000)
  eden space 35072K,   0% used [0x04800000, 0x04800000, 0x06a40000)
  from space 4352K,  27% used [0x06e80000, 0x06fa6bb0, 0x072c0000)
  to   space 4352K,   0% used [0x06a40000, 0x06a40000, 0x06e80000)
 tenured generation   total 87424K, used 26774K [0x0f2a0000, 0x14800000, 0x24800000)
   the space 87424K,  30% used [0x0f2a0000, 0x10cc5998, 0x10cc5a00, 0x14800000)
 Metaspace       used 19722K, capacity 20218K, committed 20352K, reserved 20864K
}
Event: 1603.628 GC heap before
{Heap before GC invocations=10 (full 1):
 def new generation   total 39424K, used 36250K [0x04800000, 0x072c0000, 0x0f2a0000)
  eden space 35072K, 100% used [0x04800000, 0x06a40000, 0x06a40000)
  from space 4352K,  27% used [0x06e80000, 0x06fa6bb0, 0x072c0000)
  to   space 4352K,   0% used [0x06a40000, 0x06a40000, 0x06e80000)
 tenured generation   total 87424K, used 26774K [0x0f2a0000, 0x14800000, 0x24800000)
   the space 87424K,  30% used [0x0f2a0000, 0x10cc5998, 0x10cc5a00, 0x14800000)
 Metaspace       used 19902K, capacity 20413K, committed 20480K, reserved 20864K
Event: 1603.636 GC heap after
Heap after GC invocations=11 (full 1):
 def new generation   total 39424K, used 1592K [0x04800000, 0x072c0000, 0x0f2a0000)
  eden space 35072K,   0% used [0x04800000, 0x04800000, 0x06a40000)
  from space 4352K,  36% used [0x06a40000, 0x06bce348, 0x06e80000)
  to   space 4352K,   0% used [0x06e80000, 0x06e80000, 0x072c0000)
 tenured generation   total 87424K, used 26774K [0x0f2a0000, 0x14800000, 0x24800000)
   the space 87424K,  30% used [0x0f2a0000, 0x10cc5998, 0x10cc5a00, 0x14800000)
 Metaspace       used 19902K, capacity 20413K, committed 20480K, reserved 20864K
}

