# JRE version: Java(TM) SE Runtime Environment (8.0_92-b14) (build 1.8.0_92-b14)
# Java VM: Java HotSpot(TM) Client VM (25.92-b14 mixed mode windows-x86 )
Heap:
 def new generation   total 39424K, used 28398K [0x05200000, 0x07cc0000, 0x0fca0000)
  eden space 35072K,  78% used [0x05200000, 0x06ccf1a0, 0x07440000)
  from space 4352K,  21% used [0x07880000, 0x0796c8c0, 0x07cc0000)
  to   space 4352K,   0% used [0x07440000, 0x07440000, 0x07880000)
 tenured generation   total 87424K, used 26921K [0x0fca0000, 0x15200000, 0x25200000)
   the space 87424K,  30% used [0x0fca0000, 0x116ea428, 0x116ea600, 0x15200000)
 Metaspace       used 20056K, capacity 20523K, committed 20736K, reserved 20864K
GC Heap History (10 events):
Event: 364.616 GC heap before
{Heap before GC invocations=10 (full 2):
 def new generation   total 39424K, used 37919K [0x05200000, 0x07cc0000, 0x0fca0000)
  eden space 35072K, 100% used [0x05200000, 0x07440000, 0x07440000)
  from space 4352K,  65% used [0x07440000, 0x07707d08, 0x07880000)
  to   space 4352K,   0% used [0x07880000, 0x07880000, 0x07cc0000)
 tenured generation   total 87424K, used 24098K [0x0fca0000, 0x15200000, 0x25200000)
   the space 87424K,  27% used [0x0fca0000, 0x114288a8, 0x11428a00, 0x15200000)
 Metaspace       used 20041K, capacity 20489K, committed 20736K, reserved 20864K
Event: 364.620 GC heap after
Heap after GC invocations=11 (full 2):
 def new generation   total 39424K, used 2K [0x05200000, 0x07cc0000, 0x0fca0000)
  eden space 35072K,   0% used [0x05200000, 0x05200000, 0x07440000)
  from space 4352K,   0% used [0x07880000, 0x07880830, 0x07cc0000)
  to   space 4352K,   0% used [0x07440000, 0x07440000, 0x07880000)
 tenured generation   total 87424K, used 26921K [0x0fca0000, 0x15200000, 0x25200000)
   the space 87424K,  30% used [0x0fca0000, 0x116ea428, 0x116ea600, 0x15200000)
 Metaspace       used 20041K, capacity 20489K, committed 20736K, reserved 20864K
}
Event: 369.435 GC heap before
{Heap before GC invocations=11 (full 2):
 def new generation   total 39424K, used 35074K [0x05200000, 0x07cc0000, 0x0fca0000)
  eden space 35072K, 100% used [0x05200000, 0x07440000, 0x07440000)
  from space 4352K,   0% used [0x07880000, 0x07880830, 0x07cc0000)
  to   space 4352K,   0% used [0x07440000, 0x07440000, 0x07880000)
 tenured generation   total 87424K, used 26921K [0x0fca0000, 0x15200000, 0x25200000)
   the space 87424K,  30% used [0x0fca0000, 0x116ea428, 0x116ea600, 0x15200000)
 Metaspace       used 20041K, capacity 20489K, committed 20736K, reserved 20864K
Event: 369.437 GC heap after
Heap after GC invocations=12 (full 2):
 def new generation   total 39424K, used 2K [0x05200000, 0x07cc0000, 0x0fca0000)
  eden space 35072K,   0% used [0x05200000, 0x05200000, 0x07440000)
  from space 4352K,   0% used [0x07440000, 0x074408b8, 0x07880000)
  to   space 4352K,   0% used [0x07880000, 0x07880000, 0x07cc0000)
 tenured generation   total 87424K, used 26921K [0x0fca0000, 0x15200000, 0x25200000)
   the space 87424K,  30% used [0x0fca0000, 0x116ea428, 0x116ea600, 0x15200000)
 Metaspace       used 20041K, capacity 20489K, committed 20736K, reserved 20864K
}
Event: 374.304 GC heap before
{Heap before GC invocations=12 (full 2):
 def new generation   total 39424K, used 35074K [0x05200000, 0x07cc0000, 0x0fca0000)
  eden space 35072K, 100% used [0x05200000, 0x07440000, 0x07440000)
  from space 4352K,   0% used [0x07440000, 0x074408b8, 0x07880000)
  to   space 4352K,   0% used [0x07880000, 0x07880000, 0x07cc0000)
 tenured generation   total 87424K, used 26921K [0x0fca0000, 0x15200000, 0x25200000)
   the space 87424K,  30% used [0x0fca0000, 0x116ea428, 0x116ea600, 0x15200000)
 Metaspace       used 20041K, capacity 20489K, committed 20736K, reserved 20864K
Event: 374.305 GC heap after
Heap after GC invocations=13 (full 2):
 def new generation   total 39424K, used 46K [0x05200000, 0x07cc0000, 0x0fca0000)
  eden space 35072K,   0% used [0x05200000, 0x05200000, 0x07440000)
  from space 4352K,   1% used [0x07880000, 0x0788ba90, 0x07cc0000)
  to   space 4352K,   0% used [0x07440000, 0x07440000, 0x07880000)
 tenured generation   total 87424K, used 26921K [0x0fca0000, 0x15200000, 0x25200000)
   the space 87424K,  30% used [0x0fca0000, 0x116ea428, 0x116ea600, 0x15200000)
 Metaspace       used 20041K, capacity 20489K, committed 20736K, reserved 20864K
}
Event: 418.520 GC heap before
{Heap before GC invocations=13 (full 2):
 def new generation   total 39424K, used 35118K [0x05200000, 0x07cc0000, 0x0fca0000)
  eden space 35072K, 100% used [0x05200000, 0x07440000, 0x07440000)
  from space 4352K,   1% used [0x07880000, 0x0788ba90, 0x07cc0000)
  to   space 4352K,   0% used [0x07440000, 0x07440000, 0x07880000)
 tenured generation   total 87424K, used 26921K [0x0fca0000, 0x15200000, 0x25200000)
   the space 87424K,  30% used [0x0fca0000, 0x116ea428, 0x116ea600, 0x15200000)
 Metaspace       used 20055K, capacity 20521K, committed 20736K, reserved 20864K
Event: 418.525 GC heap after
Heap after GC invocations=14 (full 2):
 def new generation   total 39424K, used 988K [0x05200000, 0x07cc0000, 0x0fca0000)
  eden space 35072K,   0% used [0x05200000, 0x05200000, 0x07440000)
  from space 4352K,  22% used [0x07440000, 0x075371a8, 0x07880000)
  to   space 4352K,   0% used [0x07880000, 0x07880000, 0x07cc0000)
 tenured generation   total 87424K, used 26921K [0x0fca0000, 0x15200000, 0x25200000)
   the space 87424K,  30% used [0x0fca0000, 0x116ea428, 0x116ea600, 0x15200000)
 Metaspace       used 20055K, capacity 20521K, committed 20736K, reserved 20864K
}
Event: 648.929 GC heap before
{Heap before GC invocations=14 (full 2):
 def new generation   total 39424K, used 36060K [0x05200000, 0x07cc0000, 0x0fca0000)
  eden space 35072K, 100% used [0x05200000, 0x07440000, 0x07440000)
  from space 4352K,  22% used [0x07440000, 0x075371a8, 0x07880000)
  to   space 4352K,   0% used [0x07880000, 0x07880000, 0x07cc0000)
 tenured generation   total 87424K, used 26921K [0x0fca0000, 0x15200000, 0x25200000)
   the space 87424K,  30% used [0x0fca0000, 0x116ea428, 0x116ea600, 0x15200000)
 Metaspace       used 20055K, capacity 20521K, committed 20736K, reserved 20864K
Event: 648.937 GC heap after
Heap after GC invocations=15 (full 2):
 def new generation   total 39424K, used 946K [0x05200000, 0x07cc0000, 0x0fca0000)
  eden space 35072K,   0% used [0x05200000, 0x05200000, 0x07440000)
  from space 4352K,  21% used [0x07880000, 0x0796c8c0, 0x07cc0000)
  to   space 4352K,   0% used [0x07440000, 0x07440000, 0x07880000)
 tenured generation   total 87424K, used 26921K [0x0fca0000, 0x15200000, 0x25200000)
   the space 87424K,  30% used [0x0fca0000, 0x116ea428, 0x116ea600, 0x15200000)
 Metaspace       used 20055K, capacity 20521K, committed 20736K, reserved 20864K
}

