# JRE version: Java(TM) SE Runtime Environment (8.0_92-b14) (build 1.8.0_92-b14)
# Java VM: Java HotSpot(TM) Client VM (25.92-b14 mixed mode windows-x86 )
Heap:
 def new generation   total 39424K, used 26396K [0x05200000, 0x07cc0000, 0x0fca0000)
  eden space 35072K,  62% used [0x05200000, 0x067872f0, 0x07440000)
  from space 4352K, 100% used [0x07880000, 0x07cc0000, 0x07cc0000)
  to   space 4352K,   0% used [0x07440000, 0x07440000, 0x07880000)
 tenured generation   total 87424K, used 14494K [0x0fca0000, 0x15200000, 0x25200000)
   the space 87424K,  16% used [0x0fca0000, 0x10ac7828, 0x10ac7a00, 0x15200000)
 Metaspace       used 17606K, capacity 18073K, committed 18176K, reserved 18816K
GC Heap History (8 events):
Event: 2.417 GC heap before
{Heap before GC invocations=0 (full 0):
 def new generation   total 39296K, used 34944K [0x05200000, 0x07ca0000, 0x0fca0000)
  eden space 34944K, 100% used [0x05200000, 0x07420000, 0x07420000)
  from space 4352K,   0% used [0x07420000, 0x07420000, 0x07860000)
  to   space 4352K,   0% used [0x07860000, 0x07860000, 0x07ca0000)
 tenured generation   total 87424K, used 0K [0x0fca0000, 0x15200000, 0x25200000)
   the space 87424K,   0% used [0x0fca0000, 0x0fca0000, 0x0fca0200, 0x15200000)
 Metaspace       used 9691K, capacity 9900K, committed 9984K, reserved 10624K
Event: 2.437 GC heap after
Heap after GC invocations=1 (full 0):
 def new generation   total 39296K, used 4352K [0x05200000, 0x07ca0000, 0x0fca0000)
  eden space 34944K,   0% used [0x05200000, 0x05200000, 0x07420000)
  from space 4352K, 100% used [0x07860000, 0x07ca0000, 0x07ca0000)
  to   space 4352K,   0% used [0x07420000, 0x07420000, 0x07860000)
 tenured generation   total 87424K, used 2889K [0x0fca0000, 0x15200000, 0x25200000)
   the space 87424K,   3% used [0x0fca0000, 0x0ff72610, 0x0ff72800, 0x15200000)
 Metaspace       used 9691K, capacity 9900K, committed 9984K, reserved 10624K
}
Event: 3.838 GC heap before
{Heap before GC invocations=1 (full 0):
 def new generation   total 39296K, used 39296K [0x05200000, 0x07ca0000, 0x0fca0000)
  eden space 34944K, 100% used [0x05200000, 0x07420000, 0x07420000)
  from space 4352K, 100% used [0x07860000, 0x07ca0000, 0x07ca0000)
  to   space 4352K,   0% used [0x07420000, 0x07420000, 0x07860000)
 tenured generation   total 87424K, used 2889K [0x0fca0000, 0x15200000, 0x25200000)
   the space 87424K,   3% used [0x0fca0000, 0x0ff72610, 0x0ff72800, 0x15200000)
 Metaspace       used 11449K, capacity 11825K, committed 11904K, reserved 12672K
Event: 3.901 GC heap after
Heap after GC invocations=2 (full 0):
 def new generation   total 39296K, used 4352K [0x05200000, 0x07ca0000, 0x0fca0000)
  eden space 34944K,   0% used [0x05200000, 0x05200000, 0x07420000)
  from space 4352K, 100% used [0x07420000, 0x07860000, 0x07860000)
  to   space 4352K,   0% used [0x07860000, 0x07860000, 0x07ca0000)
 tenured generation   total 87424K, used 8457K [0x0fca0000, 0x15200000, 0x25200000)
   the space 87424K,   9% used [0x0fca0000, 0x104e25b0, 0x104e2600, 0x15200000)
 Metaspace       used 11449K, capacity 11825K, committed 11904K, reserved 12672K
}
Event: 4.330 GC heap before
{Heap before GC invocations=2 (full 0):
 def new generation   total 39296K, used 8752K [0x05200000, 0x07ca0000, 0x0fca0000)
  eden space 34944K,  12% used [0x05200000, 0x0564c340, 0x07420000)
  from space 4352K, 100% used [0x07420000, 0x07860000, 0x07860000)
  to   space 4352K,   0% used [0x07860000, 0x07860000, 0x07ca0000)
 tenured generation   total 87424K, used 8457K [0x0fca0000, 0x15200000, 0x25200000)
   the space 87424K,   9% used [0x0fca0000, 0x104e25b0, 0x104e2600, 0x15200000)
 Metaspace       used 11869K, capacity 12251K, committed 12288K, reserved 12672K
Event: 4.380 GC heap after
Heap after GC invocations=3 (full 1):
 def new generation   total 39424K, used 0K [0x05200000, 0x07cc0000, 0x0fca0000)
  eden space 35072K,   0% used [0x05200000, 0x05200000, 0x07440000)
  from space 4352K,   0% used [0x07440000, 0x07440000, 0x07880000)
  to   space 4352K,   0% used [0x07880000, 0x07880000, 0x07cc0000)
 tenured generation   total 87424K, used 13298K [0x0fca0000, 0x15200000, 0x25200000)
   the space 87424K,  15% used [0x0fca0000, 0x1099c888, 0x1099ca00, 0x15200000)
 Metaspace       used 11869K, capacity 12251K, committed 12288K, reserved 12672K
}
Event: 7.415 GC heap before
{Heap before GC invocations=3 (full 1):
 def new generation   total 39424K, used 35072K [0x05200000, 0x07cc0000, 0x0fca0000)
  eden space 35072K, 100% used [0x05200000, 0x07440000, 0x07440000)
  from space 4352K,   0% used [0x07440000, 0x07440000, 0x07880000)
  to   space 4352K,   0% used [0x07880000, 0x07880000, 0x07cc0000)
 tenured generation   total 87424K, used 13298K [0x0fca0000, 0x15200000, 0x25200000)
   the space 87424K,  15% used [0x0fca0000, 0x1099c888, 0x1099ca00, 0x15200000)
 Metaspace       used 14983K, capacity 15416K, committed 15488K, reserved 15744K
Event: 7.430 GC heap after
Heap after GC invocations=4 (full 1):
 def new generation   total 39424K, used 4352K [0x05200000, 0x07cc0000, 0x0fca0000)
  eden space 35072K,   0% used [0x05200000, 0x05200000, 0x07440000)
  from space 4352K, 100% used [0x07880000, 0x07cc0000, 0x07cc0000)
  to   space 4352K,   0% used [0x07440000, 0x07440000, 0x07880000)
 tenured generation   total 87424K, used 14494K [0x0fca0000, 0x15200000, 0x25200000)
   the space 87424K,  16% used [0x0fca0000, 0x10ac7828, 0x10ac7a00, 0x15200000)
 Metaspace       used 14983K, capacity 15416K, committed 15488K, reserved 15744K
}

