# JRE version: Java(TM) SE Runtime Environment (8.0_92-b14) (build 1.8.0_92-b14)
# Java VM: Java HotSpot(TM) Client VM (25.92-b14 mixed mode windows-x86 )
Heap:
 def new generation   total 39424K, used 26065K [0x04a00000, 0x074c0000, 0x0f4a0000)
  eden space 35072K,  61% used [0x04a00000, 0x05f34618, 0x06c40000)
  from space 4352K, 100% used [0x07080000, 0x074c0000, 0x074c0000)
  to   space 4352K,   0% used [0x06c40000, 0x06c40000, 0x07080000)
 tenured generation   total 87424K, used 14830K [0x0f4a0000, 0x14a00000, 0x24a00000)
   the space 87424K,  16% used [0x0f4a0000, 0x1031bab0, 0x1031bc00, 0x14a00000)
 Metaspace       used 17617K, capacity 18073K, committed 18176K, reserved 18816K
GC Heap History (8 events):
Event: 1.617 GC heap before
{Heap before GC invocations=0 (full 0):
 def new generation   total 39296K, used 34944K [0x04a00000, 0x074a0000, 0x0f4a0000)
  eden space 34944K, 100% used [0x04a00000, 0x06c20000, 0x06c20000)
  from space 4352K,   0% used [0x06c20000, 0x06c20000, 0x07060000)
  to   space 4352K,   0% used [0x07060000, 0x07060000, 0x074a0000)
 tenured generation   total 87424K, used 0K [0x0f4a0000, 0x14a00000, 0x24a00000)
   the space 87424K,   0% used [0x0f4a0000, 0x0f4a0000, 0x0f4a0200, 0x14a00000)
 Metaspace       used 9691K, capacity 9900K, committed 9984K, reserved 10624K
Event: 1.633 GC heap after
Heap after GC invocations=1 (full 0):
 def new generation   total 39296K, used 4352K [0x04a00000, 0x074a0000, 0x0f4a0000)
  eden space 34944K,   0% used [0x04a00000, 0x04a00000, 0x06c20000)
  from space 4352K, 100% used [0x07060000, 0x074a0000, 0x074a0000)
  to   space 4352K,   0% used [0x06c20000, 0x06c20000, 0x07060000)
 tenured generation   total 87424K, used 2889K [0x0f4a0000, 0x14a00000, 0x24a00000)
   the space 87424K,   3% used [0x0f4a0000, 0x0f772618, 0x0f772800, 0x14a00000)
 Metaspace       used 9691K, capacity 9900K, committed 9984K, reserved 10624K
}
Event: 3.019 GC heap before
{Heap before GC invocations=1 (full 0):
 def new generation   total 39296K, used 39296K [0x04a00000, 0x074a0000, 0x0f4a0000)
  eden space 34944K, 100% used [0x04a00000, 0x06c20000, 0x06c20000)
  from space 4352K, 100% used [0x07060000, 0x074a0000, 0x074a0000)
  to   space 4352K,   0% used [0x06c20000, 0x06c20000, 0x07060000)
 tenured generation   total 87424K, used 2889K [0x0f4a0000, 0x14a00000, 0x24a00000)
   the space 87424K,   3% used [0x0f4a0000, 0x0f772618, 0x0f772800, 0x14a00000)
 Metaspace       used 11396K, capacity 11761K, committed 11776K, reserved 12672K
Event: 3.058 GC heap after
Heap after GC invocations=2 (full 0):
 def new generation   total 39296K, used 4352K [0x04a00000, 0x074a0000, 0x0f4a0000)
  eden space 34944K,   0% used [0x04a00000, 0x04a00000, 0x06c20000)
  from space 4352K, 100% used [0x06c20000, 0x07060000, 0x07060000)
  to   space 4352K,   0% used [0x07060000, 0x07060000, 0x074a0000)
 tenured generation   total 87424K, used 8426K [0x0f4a0000, 0x14a00000, 0x24a00000)
   the space 87424K,   9% used [0x0f4a0000, 0x0fcdaaf0, 0x0fcdac00, 0x14a00000)
 Metaspace       used 11396K, capacity 11761K, committed 11776K, reserved 12672K
}
Event: 3.382 GC heap before
{Heap before GC invocations=2 (full 0):
 def new generation   total 39296K, used 10122K [0x04a00000, 0x074a0000, 0x0f4a0000)
  eden space 34944K,  16% used [0x04a00000, 0x04fa2a38, 0x06c20000)
  from space 4352K, 100% used [0x06c20000, 0x07060000, 0x07060000)
  to   space 4352K,   0% used [0x07060000, 0x07060000, 0x074a0000)
 tenured generation   total 87424K, used 8426K [0x0f4a0000, 0x14a00000, 0x24a00000)
   the space 87424K,   9% used [0x0f4a0000, 0x0fcdaaf0, 0x0fcdac00, 0x14a00000)
 Metaspace       used 11872K, capacity 12256K, committed 12288K, reserved 12672K
Event: 3.433 GC heap after
Heap after GC invocations=3 (full 1):
 def new generation   total 39424K, used 0K [0x04a00000, 0x074c0000, 0x0f4a0000)
  eden space 35072K,   0% used [0x04a00000, 0x04a00000, 0x06c40000)
  from space 4352K,   0% used [0x06c40000, 0x06c40000, 0x07080000)
  to   space 4352K,   0% used [0x07080000, 0x07080000, 0x074c0000)
 tenured generation   total 87424K, used 13532K [0x0f4a0000, 0x14a00000, 0x24a00000)
   the space 87424K,  15% used [0x0f4a0000, 0x101d7380, 0x101d7400, 0x14a00000)
 Metaspace       used 11872K, capacity 12256K, committed 12288K, reserved 12672K
}
Event: 5.854 GC heap before
{Heap before GC invocations=3 (full 1):
 def new generation   total 39424K, used 35072K [0x04a00000, 0x074c0000, 0x0f4a0000)
  eden space 35072K, 100% used [0x04a00000, 0x06c40000, 0x06c40000)
  from space 4352K,   0% used [0x06c40000, 0x06c40000, 0x07080000)
  to   space 4352K,   0% used [0x07080000, 0x07080000, 0x074c0000)
 tenured generation   total 87424K, used 13532K [0x0f4a0000, 0x14a00000, 0x24a00000)
   the space 87424K,  15% used [0x0f4a0000, 0x101d7380, 0x101d7400, 0x14a00000)
 Metaspace       used 16006K, capacity 16420K, committed 16512K, reserved 16768K
Event: 5.870 GC heap after
Heap after GC invocations=4 (full 1):
 def new generation   total 39424K, used 4352K [0x04a00000, 0x074c0000, 0x0f4a0000)
  eden space 35072K,   0% used [0x04a00000, 0x04a00000, 0x06c40000)
  from space 4352K, 100% used [0x07080000, 0x074c0000, 0x074c0000)
  to   space 4352K,   0% used [0x06c40000, 0x06c40000, 0x07080000)
 tenured generation   total 87424K, used 14830K [0x0f4a0000, 0x14a00000, 0x24a00000)
   the space 87424K,  16% used [0x0f4a0000, 0x1031bab0, 0x1031bc00, 0x14a00000)
 Metaspace       used 16006K, capacity 16420K, committed 16512K, reserved 16768K
}

