# JRE version: Java(TM) SE Runtime Environment (8.0_92-b14) (build 1.8.0_92-b14)
# Java VM: Java HotSpot(TM) Client VM (25.92-b14 mixed mode windows-x86 )
Heap:
 def new generation   total 106816K, used 96344K [0x04200000, 0x0b5e0000, 0x0eca0000)
  eden space 94976K,  93% used [0x04200000, 0x09903558, 0x09ec0000)
  from space 11840K,  61% used [0x09ec0000, 0x0a5d2b38, 0x0aa50000)
  to   space 11840K,   0% used [0x0aa50000, 0x0aa50000, 0x0b5e0000)
 tenured generation   total 237188K, used 178656K [0x0eca0000, 0x1d441000, 0x24200000)
   the space 237188K,  75% used [0x0eca0000, 0x19b18048, 0x19b18200, 0x1d441000)
 Metaspace       used 19225K, capacity 19743K, committed 19968K, reserved 20864K
GC Heap History (10 events):
Event: 40442.214 GC heap before
{Heap before GC invocations=100 (full 3):
 def new generation   total 106816K, used 101023K [0x04200000, 0x0b5e0000, 0x0eca0000)
  eden space 94976K, 100% used [0x04200000, 0x09ec0000, 0x09ec0000)
  from space 11840K,  51% used [0x0aa50000, 0x0b037d18, 0x0b5e0000)
  to   space 11840K,   0% used [0x09ec0000, 0x09ec0000, 0x0aa50000)
 tenured generation   total 237188K, used 160677K [0x0eca0000, 0x1d441000, 0x24200000)
   the space 237188K,  67% used [0x0eca0000, 0x189897d8, 0x18989800, 0x1d441000)
 Metaspace       used 19225K, capacity 19743K, committed 19968K, reserved 20864K
Event: 40442.235 GC heap after
Heap after GC invocations=101 (full 3):
 def new generation   total 106816K, used 9859K [0x04200000, 0x0b5e0000, 0x0eca0000)
  eden space 94976K,   0% used [0x04200000, 0x04200000, 0x09ec0000)
  from space 11840K,  83% used [0x09ec0000, 0x0a860e38, 0x0aa50000)
  to   space 11840K,   0% used [0x0aa50000, 0x0aa50000, 0x0b5e0000)
 tenured generation   total 237188K, used 161680K [0x0eca0000, 0x1d441000, 0x24200000)
   the space 237188K,  68% used [0x0eca0000, 0x18a84260, 0x18a84400, 0x1d441000)
 Metaspace       used 19225K, capacity 19743K, committed 19968K, reserved 20864K
}
Event: 40517.347 GC heap before
{Heap before GC invocations=101 (full 3):
 def new generation   total 106816K, used 104835K [0x04200000, 0x0b5e0000, 0x0eca0000)
  eden space 94976K, 100% used [0x04200000, 0x09ec0000, 0x09ec0000)
  from space 11840K,  83% used [0x09ec0000, 0x0a860e38, 0x0aa50000)
  to   space 11840K,   0% used [0x0aa50000, 0x0aa50000, 0x0b5e0000)
 tenured generation   total 237188K, used 161680K [0x0eca0000, 0x1d441000, 0x24200000)
   the space 237188K,  68% used [0x0eca0000, 0x18a84260, 0x18a84400, 0x1d441000)
 Metaspace       used 19225K, capacity 19743K, committed 19968K, reserved 20864K
Event: 40517.369 GC heap after
Heap after GC invocations=102 (full 3):
 def new generation   total 106816K, used 9359K [0x04200000, 0x0b5e0000, 0x0eca0000)
  eden space 94976K,   0% used [0x04200000, 0x04200000, 0x09ec0000)
  from space 11840K,  79% used [0x0aa50000, 0x0b373da0, 0x0b5e0000)
  to   space 11840K,   0% used [0x09ec0000, 0x09ec0000, 0x0aa50000)
 tenured generation   total 237188K, used 165925K [0x0eca0000, 0x1d441000, 0x24200000)
   the space 237188K,  69% used [0x0eca0000, 0x18ea9708, 0x18ea9800, 0x1d441000)
 Metaspace       used 19225K, capacity 19743K, committed 19968K, reserved 20864K
}
Event: 40579.617 GC heap before
{Heap before GC invocations=102 (full 3):
 def new generation   total 106816K, used 104335K [0x04200000, 0x0b5e0000, 0x0eca0000)
  eden space 94976K, 100% used [0x04200000, 0x09ec0000, 0x09ec0000)
  from space 11840K,  79% used [0x0aa50000, 0x0b373da0, 0x0b5e0000)
  to   space 11840K,   0% used [0x09ec0000, 0x09ec0000, 0x0aa50000)
 tenured generation   total 237188K, used 165925K [0x0eca0000, 0x1d441000, 0x24200000)
   the space 237188K,  69% used [0x0eca0000, 0x18ea9708, 0x18ea9800, 0x1d441000)
 Metaspace       used 19225K, capacity 19743K, committed 19968K, reserved 20864K
Event: 40579.629 GC heap after
Heap after GC invocations=103 (full 3):
 def new generation   total 106816K, used 9417K [0x04200000, 0x0b5e0000, 0x0eca0000)
  eden space 94976K,   0% used [0x04200000, 0x04200000, 0x09ec0000)
  from space 11840K,  79% used [0x09ec0000, 0x0a7f2650, 0x0aa50000)
  to   space 11840K,   0% used [0x0aa50000, 0x0aa50000, 0x0b5e0000)
 tenured generation   total 237188K, used 170165K [0x0eca0000, 0x1d441000, 0x24200000)
   the space 237188K,  71% used [0x0eca0000, 0x192cd4c8, 0x192cd600, 0x1d441000)
 Metaspace       used 19225K, capacity 19743K, committed 19968K, reserved 20864K
}
Event: 40657.235 GC heap before
{Heap before GC invocations=103 (full 3):
 def new generation   total 106816K, used 104393K [0x04200000, 0x0b5e0000, 0x0eca0000)
  eden space 94976K, 100% used [0x04200000, 0x09ec0000, 0x09ec0000)
  from space 11840K,  79% used [0x09ec0000, 0x0a7f2650, 0x0aa50000)
  to   space 11840K,   0% used [0x0aa50000, 0x0aa50000, 0x0b5e0000)
 tenured generation   total 237188K, used 170165K [0x0eca0000, 0x1d441000, 0x24200000)
   the space 237188K,  71% used [0x0eca0000, 0x192cd4c8, 0x192cd600, 0x1d441000)
 Metaspace       used 19225K, capacity 19743K, committed 19968K, reserved 20864K
Event: 40657.246 GC heap after
Heap after GC invocations=104 (full 3):
 def new generation   total 106816K, used 7225K [0x04200000, 0x0b5e0000, 0x0eca0000)
  eden space 94976K,   0% used [0x04200000, 0x04200000, 0x09ec0000)
  from space 11840K,  61% used [0x0aa50000, 0x0b15e5a8, 0x0b5e0000)
  to   space 11840K,   0% used [0x09ec0000, 0x09ec0000, 0x0aa50000)
 tenured generation   total 237188K, used 174403K [0x0eca0000, 0x1d441000, 0x24200000)
   the space 237188K,  73% used [0x0eca0000, 0x196f0f80, 0x196f1000, 0x1d441000)
 Metaspace       used 19225K, capacity 19743K, committed 19968K, reserved 20864K
}
Event: 40721.393 GC heap before
{Heap before GC invocations=104 (full 3):
 def new generation   total 106816K, used 102201K [0x04200000, 0x0b5e0000, 0x0eca0000)
  eden space 94976K, 100% used [0x04200000, 0x09ec0000, 0x09ec0000)
  from space 11840K,  61% used [0x0aa50000, 0x0b15e5a8, 0x0b5e0000)
  to   space 11840K,   0% used [0x09ec0000, 0x09ec0000, 0x0aa50000)
 tenured generation   total 237188K, used 174403K [0x0eca0000, 0x1d441000, 0x24200000)
   the space 237188K,  73% used [0x0eca0000, 0x196f0f80, 0x196f1000, 0x1d441000)
 Metaspace       used 19225K, capacity 19743K, committed 19968K, reserved 20864K
Event: 40721.413 GC heap after
Heap after GC invocations=105 (full 3):
 def new generation   total 106816K, used 7242K [0x04200000, 0x0b5e0000, 0x0eca0000)
  eden space 94976K,   0% used [0x04200000, 0x04200000, 0x09ec0000)
  from space 11840K,  61% used [0x09ec0000, 0x0a5d2b38, 0x0aa50000)
  to   space 11840K,   0% used [0x0aa50000, 0x0aa50000, 0x0b5e0000)
 tenured generation   total 237188K, used 178656K [0x0eca0000, 0x1d441000, 0x24200000)
   the space 237188K,  75% used [0x0eca0000, 0x19b18048, 0x19b18200, 0x1d441000)
 Metaspace       used 19225K, capacity 19743K, committed 19968K, reserved 20864K
}

