# JRE version: Java(TM) SE Runtime Environment (8.0_92-b14) (build 1.8.0_92-b14)
# Java VM: Java HotSpot(TM) Client VM (25.92-b14 mixed mode windows-x86 )
Heap:
 def new generation   total 39424K, used 32498K [0x04c00000, 0x076c0000, 0x0f6a0000)
  eden space 35072K,  92% used [0x04c00000, 0x06bb58e8, 0x06e40000)
  from space 4352K,   0% used [0x07280000, 0x07286f50, 0x076c0000)
  to   space 4352K,   0% used [0x06e40000, 0x06e40000, 0x07280000)
 tenured generation   total 87424K, used 39357K [0x0f6a0000, 0x14c00000, 0x24c00000)
   the space 87424K,  45% used [0x0f6a0000, 0x11d0f748, 0x11d0f800, 0x14c00000)
 Metaspace       used 19696K, capacity 20159K, committed 20352K, reserved 20864K
GC Heap History (10 events):
Event: 1881.594 GC heap before
{Heap before GC invocations=7 (full 1):
 def new generation   total 39424K, used 35303K [0x04c00000, 0x076c0000, 0x0f6a0000)
  eden space 35072K, 100% used [0x04c00000, 0x06e40000, 0x06e40000)
  from space 4352K,   5% used [0x06e40000, 0x06e79eb0, 0x07280000)
  to   space 4352K,   0% used [0x07280000, 0x07280000, 0x076c0000)
 tenured generation   total 87424K, used 27485K [0x0f6a0000, 0x14c00000, 0x24c00000)
   the space 87424K,  31% used [0x0f6a0000, 0x11177770, 0x11177800, 0x14c00000)
 Metaspace       used 19679K, capacity 20156K, committed 20352K, reserved 20864K
Event: 1881.606 GC heap after
Heap after GC invocations=8 (full 1):
 def new generation   total 39424K, used 4081K [0x04c00000, 0x076c0000, 0x0f6a0000)
  eden space 35072K,   0% used [0x04c00000, 0x04c00000, 0x06e40000)
  from space 4352K,  93% used [0x07280000, 0x0767c610, 0x076c0000)
  to   space 4352K,   0% used [0x06e40000, 0x06e40000, 0x07280000)
 tenured generation   total 87424K, used 27485K [0x0f6a0000, 0x14c00000, 0x24c00000)
   the space 87424K,  31% used [0x0f6a0000, 0x11177770, 0x11177800, 0x14c00000)
 Metaspace       used 19679K, capacity 20156K, committed 20352K, reserved 20864K
}
Event: 4498.961 GC heap before
{Heap before GC invocations=8 (full 1):
 def new generation   total 39424K, used 39153K [0x04c00000, 0x076c0000, 0x0f6a0000)
  eden space 35072K, 100% used [0x04c00000, 0x06e40000, 0x06e40000)
  from space 4352K,  93% used [0x07280000, 0x0767c610, 0x076c0000)
  to   space 4352K,   0% used [0x06e40000, 0x06e40000, 0x07280000)
 tenured generation   total 87424K, used 27485K [0x0f6a0000, 0x14c00000, 0x24c00000)
   the space 87424K,  31% used [0x0f6a0000, 0x11177770, 0x11177800, 0x14c00000)
 Metaspace       used 19679K, capacity 20156K, committed 20352K, reserved 20864K
Event: 4498.970 GC heap after
Heap after GC invocations=9 (full 1):
 def new generation   total 39424K, used 3960K [0x04c00000, 0x076c0000, 0x0f6a0000)
  eden space 35072K,   0% used [0x04c00000, 0x04c00000, 0x06e40000)
  from space 4352K,  91% used [0x06e40000, 0x0721e298, 0x07280000)
  to   space 4352K,   0% used [0x07280000, 0x07280000, 0x076c0000)
 tenured generation   total 87424K, used 31515K [0x0f6a0000, 0x14c00000, 0x24c00000)
   the space 87424K,  36% used [0x0f6a0000, 0x11566f20, 0x11567000, 0x14c00000)
 Metaspace       used 19679K, capacity 20156K, committed 20352K, reserved 20864K
}
Event: 7689.388 GC heap before
{Heap before GC invocations=9 (full 1):
 def new generation   total 39424K, used 39032K [0x04c00000, 0x076c0000, 0x0f6a0000)
  eden space 35072K, 100% used [0x04c00000, 0x06e40000, 0x06e40000)
  from space 4352K,  91% used [0x06e40000, 0x0721e298, 0x07280000)
  to   space 4352K,   0% used [0x07280000, 0x07280000, 0x076c0000)
 tenured generation   total 87424K, used 31515K [0x0f6a0000, 0x14c00000, 0x24c00000)
   the space 87424K,  36% used [0x0f6a0000, 0x11566f20, 0x11567000, 0x14c00000)
 Metaspace       used 19691K, capacity 20156K, committed 20352K, reserved 20864K
Event: 7689.395 GC heap after
Heap after GC invocations=10 (full 1):
 def new generation   total 39424K, used 215K [0x04c00000, 0x076c0000, 0x0f6a0000)
  eden space 35072K,   0% used [0x04c00000, 0x04c00000, 0x06e40000)
  from space 4352K,   4% used [0x07280000, 0x072b5e50, 0x076c0000)
  to   space 4352K,   0% used [0x06e40000, 0x06e40000, 0x07280000)
 tenured generation   total 87424K, used 35442K [0x0f6a0000, 0x14c00000, 0x24c00000)
   the space 87424K,  40% used [0x0f6a0000, 0x1193ca58, 0x1193cc00, 0x14c00000)
 Metaspace       used 19691K, capacity 20156K, committed 20352K, reserved 20864K
}
Event: 13097.541 GC heap before
{Heap before GC invocations=10 (full 1):
 def new generation   total 39424K, used 35287K [0x04c00000, 0x076c0000, 0x0f6a0000)
  eden space 35072K, 100% used [0x04c00000, 0x06e40000, 0x06e40000)
  from space 4352K,   4% used [0x07280000, 0x072b5e50, 0x076c0000)
  to   space 4352K,   0% used [0x06e40000, 0x06e40000, 0x07280000)
 tenured generation   total 87424K, used 35442K [0x0f6a0000, 0x14c00000, 0x24c00000)
   the space 87424K,  40% used [0x0f6a0000, 0x1193ca58, 0x1193cc00, 0x14c00000)
 Metaspace       used 19691K, capacity 20156K, committed 20352K, reserved 20864K
Event: 13097.547 GC heap after
Heap after GC invocations=11 (full 1):
 def new generation   total 39424K, used 3929K [0x04c00000, 0x076c0000, 0x0f6a0000)
  eden space 35072K,   0% used [0x04c00000, 0x04c00000, 0x06e40000)
  from space 4352K,  90% used [0x06e40000, 0x07216530, 0x07280000)
  to   space 4352K,   0% used [0x07280000, 0x07280000, 0x076c0000)
 tenured generation   total 87424K, used 35442K [0x0f6a0000, 0x14c00000, 0x24c00000)
   the space 87424K,  40% used [0x0f6a0000, 0x1193ca58, 0x1193cc00, 0x14c00000)
 Metaspace       used 19691K, capacity 20156K, committed 20352K, reserved 20864K
}
Event: 16677.163 GC heap before
{Heap before GC invocations=11 (full 1):
 def new generation   total 39424K, used 39001K [0x04c00000, 0x076c0000, 0x0f6a0000)
  eden space 35072K, 100% used [0x04c00000, 0x06e40000, 0x06e40000)
  from space 4352K,  90% used [0x06e40000, 0x07216530, 0x07280000)
  to   space 4352K,   0% used [0x07280000, 0x07280000, 0x076c0000)
 tenured generation   total 87424K, used 35442K [0x0f6a0000, 0x14c00000, 0x24c00000)
   the space 87424K,  40% used [0x0f6a0000, 0x1193ca58, 0x1193cc00, 0x14c00000)
 Metaspace       used 19696K, capacity 20159K, committed 20352K, reserved 20864K
Event: 16677.176 GC heap after
Heap after GC invocations=12 (full 1):
 def new generation   total 39424K, used 27K [0x04c00000, 0x076c0000, 0x0f6a0000)
  eden space 35072K,   0% used [0x04c00000, 0x04c00000, 0x06e40000)
  from space 4352K,   0% used [0x07280000, 0x07286f50, 0x076c0000)
  to   space 4352K,   0% used [0x06e40000, 0x06e40000, 0x07280000)
 tenured generation   total 87424K, used 39357K [0x0f6a0000, 0x14c00000, 0x24c00000)
   the space 87424K,  45% used [0x0f6a0000, 0x11d0f748, 0x11d0f800, 0x14c00000)
 Metaspace       used 19696K, capacity 20159K, committed 20352K, reserved 20864K
}

