# JRE version: Java(TM) SE Runtime Environment (8.0_92-b14) (build 1.8.0_92-b14)
# Java VM: Java HotSpot(TM) Client VM (25.92-b14 mixed mode windows-x86 )
Heap:
 def new generation   total 39424K, used 8822K [0x04c00000, 0x076c0000, 0x0f6a0000)
  eden space 35072K,  24% used [0x04c00000, 0x05456298, 0x06e40000)
  from space 4352K,   6% used [0x06e40000, 0x06e876e0, 0x07280000)
  to   space 4352K,   0% used [0x07280000, 0x07280000, 0x076c0000)
 tenured generation   total 87424K, used 28944K [0x0f6a0000, 0x14c00000, 0x24c00000)
   the space 87424K,  33% used [0x0f6a0000, 0x112e4178, 0x112e4200, 0x14c00000)
 Metaspace       used 18439K, capacity 18947K, committed 19072K, reserved 19840K
GC Heap History (10 events):
Event: 205.432 GC heap before
{Heap before GC invocations=8 (full 1):
 def new generation   total 39424K, used 36815K [0x04c00000, 0x076c0000, 0x0f6a0000)
  eden space 35072K, 100% used [0x04c00000, 0x06e40000, 0x06e40000)
  from space 4352K,  40% used [0x07280000, 0x07433c28, 0x076c0000)
  to   space 4352K,   0% used [0x06e40000, 0x06e40000, 0x07280000)
 tenured generation   total 87424K, used 25571K [0x0f6a0000, 0x14c00000, 0x24c00000)
   the space 87424K,  29% used [0x0f6a0000, 0x10f98ee0, 0x10f99000, 0x14c00000)
 Metaspace       used 18413K, capacity 18913K, committed 18944K, reserved 19840K
Event: 205.445 GC heap after
Heap after GC invocations=9 (full 1):
 def new generation   total 39424K, used 3902K [0x04c00000, 0x076c0000, 0x0f6a0000)
  eden space 35072K,   0% used [0x04c00000, 0x04c00000, 0x06e40000)
  from space 4352K,  89% used [0x06e40000, 0x0720f8e0, 0x07280000)
  to   space 4352K,   0% used [0x07280000, 0x07280000, 0x076c0000)
 tenured generation   total 87424K, used 25571K [0x0f6a0000, 0x14c00000, 0x24c00000)
   the space 87424K,  29% used [0x0f6a0000, 0x10f98ee0, 0x10f99000, 0x14c00000)
 Metaspace       used 18413K, capacity 18913K, committed 18944K, reserved 19840K
}
Event: 1037.068 GC heap before
{Heap before GC invocations=9 (full 1):
 def new generation   total 39424K, used 38974K [0x04c00000, 0x076c0000, 0x0f6a0000)
  eden space 35072K, 100% used [0x04c00000, 0x06e40000, 0x06e40000)
  from space 4352K,  89% used [0x06e40000, 0x0720f8e0, 0x07280000)
  to   space 4352K,   0% used [0x07280000, 0x07280000, 0x076c0000)
 tenured generation   total 87424K, used 25571K [0x0f6a0000, 0x14c00000, 0x24c00000)
   the space 87424K,  29% used [0x0f6a0000, 0x10f98ee0, 0x10f99000, 0x14c00000)
 Metaspace       used 18415K, capacity 18915K, committed 18944K, reserved 19840K
Event: 1037.083 GC heap after
Heap after GC invocations=10 (full 1):
 def new generation   total 39424K, used 1026K [0x04c00000, 0x076c0000, 0x0f6a0000)
  eden space 35072K,   0% used [0x04c00000, 0x04c00000, 0x06e40000)
  from space 4352K,  23% used [0x07280000, 0x073808c8, 0x076c0000)
  to   space 4352K,   0% used [0x06e40000, 0x06e40000, 0x07280000)
 tenured generation   total 87424K, used 28944K [0x0f6a0000, 0x14c00000, 0x24c00000)
   the space 87424K,  33% used [0x0f6a0000, 0x112e4178, 0x112e4200, 0x14c00000)
 Metaspace       used 18415K, capacity 18915K, committed 18944K, reserved 19840K
}
Event: 1080.513 GC heap before
{Heap before GC invocations=10 (full 1):
 def new generation   total 39424K, used 36098K [0x04c00000, 0x076c0000, 0x0f6a0000)
  eden space 35072K, 100% used [0x04c00000, 0x06e40000, 0x06e40000)
  from space 4352K,  23% used [0x07280000, 0x073808c8, 0x076c0000)
  to   space 4352K,   0% used [0x06e40000, 0x06e40000, 0x07280000)
 tenured generation   total 87424K, used 28944K [0x0f6a0000, 0x14c00000, 0x24c00000)
   the space 87424K,  33% used [0x0f6a0000, 0x112e4178, 0x112e4200, 0x14c00000)
 Metaspace       used 18416K, capacity 18915K, committed 18944K, reserved 19840K
Event: 1080.517 GC heap after
Heap after GC invocations=11 (full 1):
 def new generation   total 39424K, used 741K [0x04c00000, 0x076c0000, 0x0f6a0000)
  eden space 35072K,   0% used [0x04c00000, 0x04c00000, 0x06e40000)
  from space 4352K,  17% used [0x06e40000, 0x06ef95d8, 0x07280000)
  to   space 4352K,   0% used [0x07280000, 0x07280000, 0x076c0000)
 tenured generation   total 87424K, used 28944K [0x0f6a0000, 0x14c00000, 0x24c00000)
   the space 87424K,  33% used [0x0f6a0000, 0x112e4178, 0x112e4200, 0x14c00000)
 Metaspace       used 18416K, capacity 18915K, committed 18944K, reserved 19840K
}
Event: 2669.379 GC heap before
{Heap before GC invocations=11 (full 1):
 def new generation   total 39424K, used 35813K [0x04c00000, 0x076c0000, 0x0f6a0000)
  eden space 35072K, 100% used [0x04c00000, 0x06e40000, 0x06e40000)
  from space 4352K,  17% used [0x06e40000, 0x06ef95d8, 0x07280000)
  to   space 4352K,   0% used [0x07280000, 0x07280000, 0x076c0000)
 tenured generation   total 87424K, used 28944K [0x0f6a0000, 0x14c00000, 0x24c00000)
   the space 87424K,  33% used [0x0f6a0000, 0x112e4178, 0x112e4200, 0x14c00000)
 Metaspace       used 18439K, capacity 18947K, committed 19072K, reserved 19840K
Event: 2669.384 GC heap after
Heap after GC invocations=12 (full 1):
 def new generation   total 39424K, used 596K [0x04c00000, 0x076c0000, 0x0f6a0000)
  eden space 35072K,   0% used [0x04c00000, 0x04c00000, 0x06e40000)
  from space 4352K,  13% used [0x07280000, 0x073153d8, 0x076c0000)
  to   space 4352K,   0% used [0x06e40000, 0x06e40000, 0x07280000)
 tenured generation   total 87424K, used 28944K [0x0f6a0000, 0x14c00000, 0x24c00000)
   the space 87424K,  33% used [0x0f6a0000, 0x112e4178, 0x112e4200, 0x14c00000)
 Metaspace       used 18439K, capacity 18947K, committed 19072K, reserved 19840K
}
Event: 6052.833 GC heap before
{Heap before GC invocations=12 (full 1):
 def new generation   total 39424K, used 35668K [0x04c00000, 0x076c0000, 0x0f6a0000)
  eden space 35072K, 100% used [0x04c00000, 0x06e40000, 0x06e40000)
  from space 4352K,  13% used [0x07280000, 0x073153d8, 0x076c0000)
  to   space 4352K,   0% used [0x06e40000, 0x06e40000, 0x07280000)
 tenured generation   total 87424K, used 28944K [0x0f6a0000, 0x14c00000, 0x24c00000)
   the space 87424K,  33% used [0x0f6a0000, 0x112e4178, 0x112e4200, 0x14c00000)
 Metaspace       used 18439K, capacity 18947K, committed 19072K, reserved 19840K
Event: 6052.840 GC heap after
Heap after GC invocations=13 (full 1):
 def new generation   total 39424K, used 285K [0x04c00000, 0x076c0000, 0x0f6a0000)
  eden space 35072K,   0% used [0x04c00000, 0x04c00000, 0x06e40000)
  from space 4352K,   6% used [0x06e40000, 0x06e876e0, 0x07280000)
  to   space 4352K,   0% used [0x07280000, 0x07280000, 0x076c0000)
 tenured generation   total 87424K, used 28944K [0x0f6a0000, 0x14c00000, 0x24c00000)
   the space 87424K,  33% used [0x0f6a0000, 0x112e4178, 0x112e4200, 0x14c00000)
 Metaspace       used 18439K, capacity 18947K, committed 19072K, reserved 19840K
}

