# JRE version: Java(TM) SE Runtime Environment (8.0_92-b14) (build 1.8.0_92-b14)
# Java VM: Java HotSpot(TM) Client VM (25.92-b14 mixed mode windows-x86 )
Heap:
 def new generation   total 39424K, used 21464K [0x05400000, 0x07ec0000, 0x0fea0000)
  eden space 35072K,  59% used [0x05400000, 0x0684acb8, 0x07640000)
  from space 4352K,  15% used [0x07a80000, 0x07b2b598, 0x07ec0000)
  to   space 4352K,   0% used [0x07640000, 0x07640000, 0x07a80000)
 tenured generation   total 87424K, used 21541K [0x0fea0000, 0x15400000, 0x25400000)
   the space 87424K,  24% used [0x0fea0000, 0x113a95c8, 0x113a9600, 0x15400000)
 Metaspace       used 17610K, capacity 17981K, committed 18048K, reserved 18816K
GC Heap History (10 events):
Event: 4.299 GC heap before
{Heap before GC invocations=3 (full 1):
 def new generation   total 39424K, used 35072K [0x05400000, 0x07ec0000, 0x0fea0000)
  eden space 35072K, 100% used [0x05400000, 0x07640000, 0x07640000)
  from space 4352K,   0% used [0x07640000, 0x07640000, 0x07a80000)
  to   space 4352K,   0% used [0x07a80000, 0x07a80000, 0x07ec0000)
 tenured generation   total 87424K, used 9120K [0x0fea0000, 0x15400000, 0x25400000)
   the space 87424K,  10% used [0x0fea0000, 0x107883b0, 0x10788400, 0x15400000)
 Metaspace       used 17023K, capacity 17370K, committed 17408K, reserved 17792K
Event: 4.324 GC heap after
Heap after GC invocations=4 (full 1):
 def new generation   total 39424K, used 4352K [0x05400000, 0x07ec0000, 0x0fea0000)
  eden space 35072K,   0% used [0x05400000, 0x05400000, 0x07640000)
  from space 4352K, 100% used [0x07a80000, 0x07ec0000, 0x07ec0000)
  to   space 4352K,   0% used [0x07640000, 0x07640000, 0x07a80000)
 tenured generation   total 87424K, used 14845K [0x0fea0000, 0x15400000, 0x25400000)
   the space 87424K,  16% used [0x0fea0000, 0x10d1f520, 0x10d1f600, 0x15400000)
 Metaspace       used 17023K, capacity 17370K, committed 17408K, reserved 17792K
}
Event: 37.683 GC heap before
{Heap before GC invocations=4 (full 1):
 def new generation   total 39424K, used 39424K [0x05400000, 0x07ec0000, 0x0fea0000)
  eden space 35072K, 100% used [0x05400000, 0x07640000, 0x07640000)
  from space 4352K, 100% used [0x07a80000, 0x07ec0000, 0x07ec0000)
  to   space 4352K,   0% used [0x07640000, 0x07640000, 0x07a80000)
 tenured generation   total 87424K, used 14845K [0x0fea0000, 0x15400000, 0x25400000)
   the space 87424K,  16% used [0x0fea0000, 0x10d1f520, 0x10d1f600, 0x15400000)
 Metaspace       used 17274K, capacity 17663K, committed 17664K, reserved 17792K
Event: 37.699 GC heap after
Heap after GC invocations=5 (full 1):
 def new generation   total 39424K, used 2649K [0x05400000, 0x07ec0000, 0x0fea0000)
  eden space 35072K,   0% used [0x05400000, 0x05400000, 0x07640000)
  from space 4352K,  60% used [0x07640000, 0x078d67c0, 0x07a80000)
  to   space 4352K,   0% used [0x07a80000, 0x07a80000, 0x07ec0000)
 tenured generation   total 87424K, used 17946K [0x0fea0000, 0x15400000, 0x25400000)
   the space 87424K,  20% used [0x0fea0000, 0x110268a0, 0x11026a00, 0x15400000)
 Metaspace       used 17274K, capacity 17663K, committed 17664K, reserved 17792K
}
Event: 634.868 GC heap before
{Heap before GC invocations=5 (full 1):
 def new generation   total 39424K, used 37721K [0x05400000, 0x07ec0000, 0x0fea0000)
  eden space 35072K, 100% used [0x05400000, 0x07640000, 0x07640000)
  from space 4352K,  60% used [0x07640000, 0x078d67c0, 0x07a80000)
  to   space 4352K,   0% used [0x07a80000, 0x07a80000, 0x07ec0000)
 tenured generation   total 87424K, used 17946K [0x0fea0000, 0x15400000, 0x25400000)
   the space 87424K,  20% used [0x0fea0000, 0x110268a0, 0x11026a00, 0x15400000)
 Metaspace       used 17372K, capacity 17752K, committed 17792K, reserved 17792K
Event: 634.881 GC heap after
Heap after GC invocations=6 (full 1):
 def new generation   total 39424K, used 3791K [0x05400000, 0x07ec0000, 0x0fea0000)
  eden space 35072K,   0% used [0x05400000, 0x05400000, 0x07640000)
  from space 4352K,  87% used [0x07a80000, 0x07e33fe8, 0x07ec0000)
  to   space 4352K,   0% used [0x07640000, 0x07640000, 0x07a80000)
 tenured generation   total 87424K, used 19496K [0x0fea0000, 0x15400000, 0x25400000)
   the space 87424K,  22% used [0x0fea0000, 0x111aa130, 0x111aa200, 0x15400000)
 Metaspace       used 17372K, capacity 17752K, committed 17792K, reserved 17792K
}
Event: 2041.915 GC heap before
{Heap before GC invocations=6 (full 1):
 def new generation   total 39424K, used 38863K [0x05400000, 0x07ec0000, 0x0fea0000)
  eden space 35072K, 100% used [0x05400000, 0x07640000, 0x07640000)
  from space 4352K,  87% used [0x07a80000, 0x07e33fe8, 0x07ec0000)
  to   space 4352K,   0% used [0x07640000, 0x07640000, 0x07a80000)
 tenured generation   total 87424K, used 19496K [0x0fea0000, 0x15400000, 0x25400000)
   the space 87424K,  22% used [0x0fea0000, 0x111aa130, 0x111aa200, 0x15400000)
 Metaspace       used 17610K, capacity 17981K, committed 18048K, reserved 18816K
Event: 2041.925 GC heap after
Heap after GC invocations=7 (full 1):
 def new generation   total 39424K, used 1099K [0x05400000, 0x07ec0000, 0x0fea0000)
  eden space 35072K,   0% used [0x05400000, 0x05400000, 0x07640000)
  from space 4352K,  25% used [0x07640000, 0x07752c40, 0x07a80000)
  to   space 4352K,   0% used [0x07a80000, 0x07a80000, 0x07ec0000)
 tenured generation   total 87424K, used 21541K [0x0fea0000, 0x15400000, 0x25400000)
   the space 87424K,  24% used [0x0fea0000, 0x113a95c8, 0x113a9600, 0x15400000)
 Metaspace       used 17610K, capacity 17981K, committed 18048K, reserved 18816K
}
Event: 5437.707 GC heap before
{Heap before GC invocations=7 (full 1):
 def new generation   total 39424K, used 36171K [0x05400000, 0x07ec0000, 0x0fea0000)
  eden space 35072K, 100% used [0x05400000, 0x07640000, 0x07640000)
  from space 4352K,  25% used [0x07640000, 0x07752c40, 0x07a80000)
  to   space 4352K,   0% used [0x07a80000, 0x07a80000, 0x07ec0000)
 tenured generation   total 87424K, used 21541K [0x0fea0000, 0x15400000, 0x25400000)
   the space 87424K,  24% used [0x0fea0000, 0x113a95c8, 0x113a9600, 0x15400000)
 Metaspace       used 17610K, capacity 17981K, committed 18048K, reserved 18816K
Event: 5437.712 GC heap after
Heap after GC invocations=8 (full 1):
 def new generation   total 39424K, used 685K [0x05400000, 0x07ec0000, 0x0fea0000)
  eden space 35072K,   0% used [0x05400000, 0x05400000, 0x07640000)
  from space 4352K,  15% used [0x07a80000, 0x07b2b598, 0x07ec0000)
  to   space 4352K,   0% used [0x07640000, 0x07640000, 0x07a80000)
 tenured generation   total 87424K, used 21541K [0x0fea0000, 0x15400000, 0x25400000)
   the space 87424K,  24% used [0x0fea0000, 0x113a95c8, 0x113a9600, 0x15400000)
 Metaspace       used 17610K, capacity 17981K, committed 18048K, reserved 18816K
}

