# JRE version: Java(TM) SE Runtime Environment (8.0_92-b14) (build 1.8.0_92-b14)
# Java VM: Java HotSpot(TM) Client VM (25.92-b14 mixed mode windows-x86 )
Heap:
 def new generation   total 39424K, used 7906K [0x05600000, 0x080c0000, 0x100a0000)
  eden space 35072K,  19% used [0x05600000, 0x05c83518, 0x07840000)
  from space 4352K,  28% used [0x07c80000, 0x07db5388, 0x080c0000)
  to   space 4352K,   0% used [0x07840000, 0x07840000, 0x07c80000)
 tenured generation   total 87424K, used 31264K [0x100a0000, 0x15600000, 0x25600000)
   the space 87424K,  35% used [0x100a0000, 0x11f282b8, 0x11f28400, 0x15600000)
 Metaspace       used 19902K, capacity 20392K, committed 20480K, reserved 20864K
GC Heap History (10 events):
Event: 3542.771 GC heap before
{Heap before GC invocations=13 (full 1):
 def new generation   total 39424K, used 37031K [0x05600000, 0x080c0000, 0x100a0000)
  eden space 35072K, 100% used [0x05600000, 0x07840000, 0x07840000)
  from space 4352K,  45% used [0x07840000, 0x07a29e78, 0x07c80000)
  to   space 4352K,   0% used [0x07c80000, 0x07c80000, 0x080c0000)
 tenured generation   total 87424K, used 27098K [0x100a0000, 0x15600000, 0x25600000)
   the space 87424K,  30% used [0x100a0000, 0x11b16970, 0x11b16a00, 0x15600000)
 Metaspace       used 19891K, capacity 20385K, committed 20480K, reserved 20864K
Event: 3542.784 GC heap after
Heap after GC invocations=14 (full 1):
 def new generation   total 39424K, used 2084K [0x05600000, 0x080c0000, 0x100a0000)
  eden space 35072K,   0% used [0x05600000, 0x05600000, 0x07840000)
  from space 4352K,  47% used [0x07c80000, 0x07e893d0, 0x080c0000)
  to   space 4352K,   0% used [0x07840000, 0x07840000, 0x07c80000)
 tenured generation   total 87424K, used 27098K [0x100a0000, 0x15600000, 0x25600000)
   the space 87424K,  30% used [0x100a0000, 0x11b16970, 0x11b16a00, 0x15600000)
 Metaspace       used 19891K, capacity 20385K, committed 20480K, reserved 20864K
}
Event: 3751.471 GC heap before
{Heap before GC invocations=14 (full 1):
 def new generation   total 39424K, used 37156K [0x05600000, 0x080c0000, 0x100a0000)
  eden space 35072K, 100% used [0x05600000, 0x07840000, 0x07840000)
  from space 4352K,  47% used [0x07c80000, 0x07e893d0, 0x080c0000)
  to   space 4352K,   0% used [0x07840000, 0x07840000, 0x07c80000)
 tenured generation   total 87424K, used 27098K [0x100a0000, 0x15600000, 0x25600000)
   the space 87424K,  30% used [0x100a0000, 0x11b16970, 0x11b16a00, 0x15600000)
 Metaspace       used 19902K, capacity 20392K, committed 20480K, reserved 20864K
Event: 3751.481 GC heap after
Heap after GC invocations=15 (full 1):
 def new generation   total 39424K, used 2962K [0x05600000, 0x080c0000, 0x100a0000)
  eden space 35072K,   0% used [0x05600000, 0x05600000, 0x07840000)
  from space 4352K,  68% used [0x07840000, 0x07b24b78, 0x07c80000)
  to   space 4352K,   0% used [0x07c80000, 0x07c80000, 0x080c0000)
 tenured generation   total 87424K, used 27098K [0x100a0000, 0x15600000, 0x25600000)
   the space 87424K,  30% used [0x100a0000, 0x11b16970, 0x11b16a00, 0x15600000)
 Metaspace       used 19902K, capacity 20392K, committed 20480K, reserved 20864K
}
Event: 3773.428 GC heap before
{Heap before GC invocations=15 (full 1):
 def new generation   total 39424K, used 38035K [0x05600000, 0x080c0000, 0x100a0000)
  eden space 35072K, 100% used [0x05600000, 0x07840000, 0x07840000)
  from space 4352K,  68% used [0x07840000, 0x07b24d88, 0x07c80000)
  to   space 4352K,   0% used [0x07c80000, 0x07c80000, 0x080c0000)
 tenured generation   total 87424K, used 27098K [0x100a0000, 0x15600000, 0x25600000)
   the space 87424K,  30% used [0x100a0000, 0x11b16970, 0x11b16a00, 0x15600000)
 Metaspace       used 19902K, capacity 20392K, committed 20480K, reserved 20864K
Event: 3773.441 GC heap after
Heap after GC invocations=16 (full 1):
 def new generation   total 39424K, used 4016K [0x05600000, 0x080c0000, 0x100a0000)
  eden space 35072K,   0% used [0x05600000, 0x05600000, 0x07840000)
  from space 4352K,  92% used [0x07c80000, 0x0806c2f0, 0x080c0000)
  to   space 4352K,   0% used [0x07840000, 0x07840000, 0x07c80000)
 tenured generation   total 87424K, used 27945K [0x100a0000, 0x15600000, 0x25600000)
   the space 87424K,  31% used [0x100a0000, 0x11bea6e8, 0x11bea800, 0x15600000)
 Metaspace       used 19902K, capacity 20392K, committed 20480K, reserved 20864K
}
Event: 3793.227 GC heap before
{Heap before GC invocations=16 (full 1):
 def new generation   total 39424K, used 39088K [0x05600000, 0x080c0000, 0x100a0000)
  eden space 35072K, 100% used [0x05600000, 0x07840000, 0x07840000)
  from space 4352K,  92% used [0x07c80000, 0x0806c2f0, 0x080c0000)
  to   space 4352K,   0% used [0x07840000, 0x07840000, 0x07c80000)
 tenured generation   total 87424K, used 27945K [0x100a0000, 0x15600000, 0x25600000)
   the space 87424K,  31% used [0x100a0000, 0x11bea6e8, 0x11bea800, 0x15600000)
 Metaspace       used 19902K, capacity 20392K, committed 20480K, reserved 20864K
Event: 3793.240 GC heap after
Heap after GC invocations=17 (full 1):
 def new generation   total 39424K, used 3000K [0x05600000, 0x080c0000, 0x100a0000)
  eden space 35072K,   0% used [0x05600000, 0x05600000, 0x07840000)
  from space 4352K,  68% used [0x07840000, 0x07b2e388, 0x07c80000)
  to   space 4352K,   0% used [0x07c80000, 0x07c80000, 0x080c0000)
 tenured generation   total 87424K, used 30087K [0x100a0000, 0x15600000, 0x25600000)
   the space 87424K,  34% used [0x100a0000, 0x11e01c40, 0x11e01e00, 0x15600000)
 Metaspace       used 19902K, capacity 20392K, committed 20480K, reserved 20864K
}
Event: 3847.254 GC heap before
{Heap before GC invocations=17 (full 1):
 def new generation   total 39424K, used 38072K [0x05600000, 0x080c0000, 0x100a0000)
  eden space 35072K, 100% used [0x05600000, 0x07840000, 0x07840000)
  from space 4352K,  68% used [0x07840000, 0x07b2e388, 0x07c80000)
  to   space 4352K,   0% used [0x07c80000, 0x07c80000, 0x080c0000)
 tenured generation   total 87424K, used 30087K [0x100a0000, 0x15600000, 0x25600000)
   the space 87424K,  34% used [0x100a0000, 0x11e01c40, 0x11e01e00, 0x15600000)
 Metaspace       used 19902K, capacity 20392K, committed 20480K, reserved 20864K
Event: 3847.261 GC heap after
Heap after GC invocations=18 (full 1):
 def new generation   total 39424K, used 1236K [0x05600000, 0x080c0000, 0x100a0000)
  eden space 35072K,   0% used [0x05600000, 0x05600000, 0x07840000)
  from space 4352K,  28% used [0x07c80000, 0x07db5388, 0x080c0000)
  to   space 4352K,   0% used [0x07840000, 0x07840000, 0x07c80000)
 tenured generation   total 87424K, used 31264K [0x100a0000, 0x15600000, 0x25600000)
   the space 87424K,  35% used [0x100a0000, 0x11f282b8, 0x11f28400, 0x15600000)
 Metaspace       used 19902K, capacity 20392K, committed 20480K, reserved 20864K
}

