# JRE version: Java(TM) SE Runtime Environment (8.0_92-b14) (build 1.8.0_92-b14)
# Java VM: Java HotSpot(TM) Client VM (25.92-b14 mixed mode windows-x86 )
Heap:
 def new generation   total 39424K, used 32000K [0x04600000, 0x070c0000, 0x0f0a0000)
  eden space 35072K,  83% used [0x04600000, 0x062b8258, 0x06840000)
  from space 4352K,  59% used [0x06c80000, 0x06f07e48, 0x070c0000)
  to   space 4352K,   0% used [0x06840000, 0x06840000, 0x06c80000)
 tenured generation   total 87424K, used 23834K [0x0f0a0000, 0x14600000, 0x24600000)
   the space 87424K,  27% used [0x0f0a0000, 0x107e6a80, 0x107e6c00, 0x14600000)
 Metaspace       used 20019K, capacity 20494K, committed 20736K, reserved 20864K
GC Heap History (10 events):
Event: 138.394 GC heap before
{Heap before GC invocations=6 (full 1):
 def new generation   total 39424K, used 39424K [0x04600000, 0x070c0000, 0x0f0a0000)
  eden space 35072K, 100% used [0x04600000, 0x06840000, 0x06840000)
  from space 4352K, 100% used [0x06c80000, 0x070c0000, 0x070c0000)
  to   space 4352K,   0% used [0x06840000, 0x06840000, 0x06c80000)
 tenured generation   total 87424K, used 24186K [0x0f0a0000, 0x14600000, 0x24600000)
   the space 87424K,  27% used [0x0f0a0000, 0x1083e808, 0x1083ea00, 0x14600000)
 Metaspace       used 19842K, capacity 20349K, committed 20480K, reserved 20864K
Event: 138.409 GC heap after
Heap after GC invocations=7 (full 1):
 def new generation   total 39424K, used 1047K [0x04600000, 0x070c0000, 0x0f0a0000)
  eden space 35072K,   0% used [0x04600000, 0x04600000, 0x06840000)
  from space 4352K,  24% used [0x06840000, 0x06945e08, 0x06c80000)
  to   space 4352K,   0% used [0x06c80000, 0x06c80000, 0x070c0000)
 tenured generation   total 87424K, used 27169K [0x0f0a0000, 0x14600000, 0x24600000)
   the space 87424K,  31% used [0x0f0a0000, 0x10b285e8, 0x10b28600, 0x14600000)
 Metaspace       used 19842K, capacity 20349K, committed 20480K, reserved 20864K
}
Event: 516.921 GC heap before
{Heap before GC invocations=7 (full 1):
 def new generation   total 39424K, used 36119K [0x04600000, 0x070c0000, 0x0f0a0000)
  eden space 35072K, 100% used [0x04600000, 0x06840000, 0x06840000)
  from space 4352K,  24% used [0x06840000, 0x06945e08, 0x06c80000)
  to   space 4352K,   0% used [0x06c80000, 0x06c80000, 0x070c0000)
 tenured generation   total 87424K, used 27169K [0x0f0a0000, 0x14600000, 0x24600000)
   the space 87424K,  31% used [0x0f0a0000, 0x10b285e8, 0x10b28600, 0x14600000)
 Metaspace       used 19858K, capacity 20381K, committed 20480K, reserved 20864K
Event: 516.927 GC heap after
Heap after GC invocations=8 (full 1):
 def new generation   total 39424K, used 1201K [0x04600000, 0x070c0000, 0x0f0a0000)
  eden space 35072K,   0% used [0x04600000, 0x04600000, 0x06840000)
  from space 4352K,  27% used [0x06c80000, 0x06dac560, 0x070c0000)
  to   space 4352K,   0% used [0x06840000, 0x06840000, 0x06c80000)
 tenured generation   total 87424K, used 27169K [0x0f0a0000, 0x14600000, 0x24600000)
   the space 87424K,  31% used [0x0f0a0000, 0x10b285e8, 0x10b28600, 0x14600000)
 Metaspace       used 19858K, capacity 20381K, committed 20480K, reserved 20864K
}
Event: 835.704 GC heap before
{Heap before GC invocations=8 (full 1):
 def new generation   total 39424K, used 36258K [0x04600000, 0x070c0000, 0x0f0a0000)
  eden space 35072K,  99% used [0x04600000, 0x0683c4d0, 0x06840000)
  from space 4352K,  27% used [0x06c80000, 0x06dac560, 0x070c0000)
  to   space 4352K,   0% used [0x06840000, 0x06840000, 0x06c80000)
 tenured generation   total 87424K, used 27169K [0x0f0a0000, 0x14600000, 0x24600000)
   the space 87424K,  31% used [0x0f0a0000, 0x10b285e8, 0x10b28600, 0x14600000)
 Metaspace       used 19861K, capacity 20381K, committed 20480K, reserved 20864K
Event: 835.711 GC heap after
Heap after GC invocations=9 (full 1):
 def new generation   total 39424K, used 1158K [0x04600000, 0x070c0000, 0x0f0a0000)
  eden space 35072K,   0% used [0x04600000, 0x04600000, 0x06840000)
  from space 4352K,  26% used [0x06840000, 0x06961b68, 0x06c80000)
  to   space 4352K,   0% used [0x06c80000, 0x06c80000, 0x070c0000)
 tenured generation   total 87424K, used 27169K [0x0f0a0000, 0x14600000, 0x24600000)
   the space 87424K,  31% used [0x0f0a0000, 0x10b285e8, 0x10b28600, 0x14600000)
 Metaspace       used 19861K, capacity 20381K, committed 20480K, reserved 20864K
}
Event: 839.628 GC heap before
{Heap before GC invocations=9 (full 1):
 def new generation   total 39424K, used 7901K [0x04600000, 0x070c0000, 0x0f0a0000)
  eden space 35072K,  19% used [0x04600000, 0x04c95b28, 0x06840000)
  from space 4352K,  26% used [0x06840000, 0x06961b68, 0x06c80000)
  to   space 4352K,   0% used [0x06c80000, 0x06c80000, 0x070c0000)
 tenured generation   total 87424K, used 27169K [0x0f0a0000, 0x14600000, 0x24600000)
   the space 87424K,  31% used [0x0f0a0000, 0x10b285e8, 0x10b28600, 0x14600000)
 Metaspace       used 19949K, capacity 20447K, committed 20480K, reserved 20864K
Event: 839.726 GC heap after
Heap after GC invocations=10 (full 2):
 def new generation   total 39424K, used 0K [0x04600000, 0x070c0000, 0x0f0a0000)
  eden space 35072K,   0% used [0x04600000, 0x04600000, 0x06840000)
  from space 4352K,   0% used [0x06840000, 0x06840000, 0x06c80000)
  to   space 4352K,   0% used [0x06c80000, 0x06c80000, 0x070c0000)
 tenured generation   total 87424K, used 23834K [0x0f0a0000, 0x14600000, 0x24600000)
   the space 87424K,  27% used [0x0f0a0000, 0x107e6a80, 0x107e6c00, 0x14600000)
 Metaspace       used 19807K, capacity 20262K, committed 20480K, reserved 20864K
}
Event: 1207.707 GC heap before
{Heap before GC invocations=10 (full 2):
 def new generation   total 39424K, used 35072K [0x04600000, 0x070c0000, 0x0f0a0000)
  eden space 35072K, 100% used [0x04600000, 0x06840000, 0x06840000)
  from space 4352K,   0% used [0x06840000, 0x06840000, 0x06c80000)
  to   space 4352K,   0% used [0x06c80000, 0x06c80000, 0x070c0000)
 tenured generation   total 87424K, used 23834K [0x0f0a0000, 0x14600000, 0x24600000)
   the space 87424K,  27% used [0x0f0a0000, 0x107e6a80, 0x107e6c00, 0x14600000)
 Metaspace       used 20017K, capacity 20489K, committed 20736K, reserved 20864K
Event: 1207.713 GC heap after
Heap after GC invocations=11 (full 2):
 def new generation   total 39424K, used 2591K [0x04600000, 0x070c0000, 0x0f0a0000)
  eden space 35072K,   0% used [0x04600000, 0x04600000, 0x06840000)
  from space 4352K,  59% used [0x06c80000, 0x06f07e48, 0x070c0000)
  to   space 4352K,   0% used [0x06840000, 0x06840000, 0x06c80000)
 tenured generation   total 87424K, used 23834K [0x0f0a0000, 0x14600000, 0x24600000)
   the space 87424K,  27% used [0x0f0a0000, 0x107e6a80, 0x107e6c00, 0x14600000)
 Metaspace       used 20017K, capacity 20489K, committed 20736K, reserved 20864K
}

