# JRE version: Java(TM) SE Runtime Environment (8.0_92-b14) (build 1.8.0_92-b14)
# Java VM: Java HotSpot(TM) Client VM (25.92-b14 mixed mode windows-x86 )
Heap:
 def new generation   total 39424K, used 2916K [0x05400000, 0x07ec0000, 0x0fea0000)
  eden space 35072K,   4% used [0x05400000, 0x055a9598, 0x07640000)
  from space 4352K,  27% used [0x07640000, 0x0776fd78, 0x07a80000)
  to   space 4352K,   0% used [0x07a80000, 0x07a80000, 0x07ec0000)
 tenured generation   total 87424K, used 35329K [0x0fea0000, 0x15400000, 0x25400000)
   the space 87424K,  40% used [0x0fea0000, 0x121207a8, 0x12120800, 0x15400000)
 Metaspace       used 19950K, capacity 20465K, committed 20480K, reserved 20864K
GC Heap History (10 events):
Event: 2972.191 GC heap before
{Heap before GC invocations=26 (full 1):
 def new generation   total 39424K, used 36204K [0x05400000, 0x07ec0000, 0x0fea0000)
  eden space 35072K, 100% used [0x05400000, 0x07640000, 0x07640000)
  from space 4352K,  26% used [0x07a80000, 0x07b9b070, 0x07ec0000)
  to   space 4352K,   0% used [0x07640000, 0x07640000, 0x07a80000)
 tenured generation   total 87424K, used 35329K [0x0fea0000, 0x15400000, 0x25400000)
   the space 87424K,  40% used [0x0fea0000, 0x121207a8, 0x12120800, 0x15400000)
 Metaspace       used 19925K, capacity 20430K, committed 20480K, reserved 20864K
Event: 2972.197 GC heap after
Heap after GC invocations=27 (full 1):
 def new generation   total 39424K, used 1167K [0x05400000, 0x07ec0000, 0x0fea0000)
  eden space 35072K,   0% used [0x05400000, 0x05400000, 0x07640000)
  from space 4352K,  26% used [0x07640000, 0x07763cb8, 0x07a80000)
  to   space 4352K,   0% used [0x07a80000, 0x07a80000, 0x07ec0000)
 tenured generation   total 87424K, used 35329K [0x0fea0000, 0x15400000, 0x25400000)
   the space 87424K,  40% used [0x0fea0000, 0x121207a8, 0x12120800, 0x15400000)
 Metaspace       used 19925K, capacity 20430K, committed 20480K, reserved 20864K
}
Event: 5116.396 GC heap before
{Heap before GC invocations=27 (full 1):
 def new generation   total 39424K, used 36239K [0x05400000, 0x07ec0000, 0x0fea0000)
  eden space 35072K, 100% used [0x05400000, 0x07640000, 0x07640000)
  from space 4352K,  26% used [0x07640000, 0x07763cb8, 0x07a80000)
  to   space 4352K,   0% used [0x07a80000, 0x07a80000, 0x07ec0000)
 tenured generation   total 87424K, used 35329K [0x0fea0000, 0x15400000, 0x25400000)
   the space 87424K,  40% used [0x0fea0000, 0x121207a8, 0x12120800, 0x15400000)
 Metaspace       used 19925K, capacity 20430K, committed 20480K, reserved 20864K
Event: 5116.403 GC heap after
Heap after GC invocations=28 (full 1):
 def new generation   total 39424K, used 1510K [0x05400000, 0x07ec0000, 0x0fea0000)
  eden space 35072K,   0% used [0x05400000, 0x05400000, 0x07640000)
  from space 4352K,  34% used [0x07a80000, 0x07bf9b70, 0x07ec0000)
  to   space 4352K,   0% used [0x07640000, 0x07640000, 0x07a80000)
 tenured generation   total 87424K, used 35329K [0x0fea0000, 0x15400000, 0x25400000)
   the space 87424K,  40% used [0x0fea0000, 0x121207a8, 0x12120800, 0x15400000)
 Metaspace       used 19925K, capacity 20430K, committed 20480K, reserved 20864K
}
Event: 5130.638 GC heap before
{Heap before GC invocations=28 (full 1):
 def new generation   total 39424K, used 36582K [0x05400000, 0x07ec0000, 0x0fea0000)
  eden space 35072K, 100% used [0x05400000, 0x07640000, 0x07640000)
  from space 4352K,  34% used [0x07a80000, 0x07bf9b70, 0x07ec0000)
  to   space 4352K,   0% used [0x07640000, 0x07640000, 0x07a80000)
 tenured generation   total 87424K, used 35329K [0x0fea0000, 0x15400000, 0x25400000)
   the space 87424K,  40% used [0x0fea0000, 0x121207a8, 0x12120800, 0x15400000)
 Metaspace       used 19927K, capacity 20433K, committed 20480K, reserved 20864K
Event: 5130.643 GC heap after
Heap after GC invocations=29 (full 1):
 def new generation   total 39424K, used 1188K [0x05400000, 0x07ec0000, 0x0fea0000)
  eden space 35072K,   0% used [0x05400000, 0x05400000, 0x07640000)
  from space 4352K,  27% used [0x07640000, 0x07769380, 0x07a80000)
  to   space 4352K,   0% used [0x07a80000, 0x07a80000, 0x07ec0000)
 tenured generation   total 87424K, used 35329K [0x0fea0000, 0x15400000, 0x25400000)
   the space 87424K,  40% used [0x0fea0000, 0x121207a8, 0x12120800, 0x15400000)
 Metaspace       used 19927K, capacity 20433K, committed 20480K, reserved 20864K
}
Event: 5170.357 GC heap before
{Heap before GC invocations=29 (full 1):
 def new generation   total 39424K, used 36260K [0x05400000, 0x07ec0000, 0x0fea0000)
  eden space 35072K, 100% used [0x05400000, 0x07640000, 0x07640000)
  from space 4352K,  27% used [0x07640000, 0x07769380, 0x07a80000)
  to   space 4352K,   0% used [0x07a80000, 0x07a80000, 0x07ec0000)
 tenured generation   total 87424K, used 35329K [0x0fea0000, 0x15400000, 0x25400000)
   the space 87424K,  40% used [0x0fea0000, 0x121207a8, 0x12120800, 0x15400000)
 Metaspace       used 19950K, capacity 20465K, committed 20480K, reserved 20864K
Event: 5170.364 GC heap after
Heap after GC invocations=30 (full 1):
 def new generation   total 39424K, used 1990K [0x05400000, 0x07ec0000, 0x0fea0000)
  eden space 35072K,   0% used [0x05400000, 0x05400000, 0x07640000)
  from space 4352K,  45% used [0x07a80000, 0x07c71b40, 0x07ec0000)
  to   space 4352K,   0% used [0x07640000, 0x07640000, 0x07a80000)
 tenured generation   total 87424K, used 35329K [0x0fea0000, 0x15400000, 0x25400000)
   the space 87424K,  40% used [0x0fea0000, 0x121207a8, 0x12120800, 0x15400000)
 Metaspace       used 19950K, capacity 20465K, committed 20480K, reserved 20864K
}
Event: 5411.506 GC heap before
{Heap before GC invocations=30 (full 1):
 def new generation   total 39424K, used 37062K [0x05400000, 0x07ec0000, 0x0fea0000)
  eden space 35072K, 100% used [0x05400000, 0x07640000, 0x07640000)
  from space 4352K,  45% used [0x07a80000, 0x07c71b40, 0x07ec0000)
  to   space 4352K,   0% used [0x07640000, 0x07640000, 0x07a80000)
 tenured generation   total 87424K, used 35329K [0x0fea0000, 0x15400000, 0x25400000)
   the space 87424K,  40% used [0x0fea0000, 0x121207a8, 0x12120800, 0x15400000)
 Metaspace       used 19950K, capacity 20465K, committed 20480K, reserved 20864K
Event: 5411.512 GC heap after
Heap after GC invocations=31 (full 1):
 def new generation   total 39424K, used 1215K [0x05400000, 0x07ec0000, 0x0fea0000)
  eden space 35072K,   0% used [0x05400000, 0x05400000, 0x07640000)
  from space 4352K,  27% used [0x07640000, 0x0776fd78, 0x07a80000)
  to   space 4352K,   0% used [0x07a80000, 0x07a80000, 0x07ec0000)
 tenured generation   total 87424K, used 35329K [0x0fea0000, 0x15400000, 0x25400000)
   the space 87424K,  40% used [0x0fea0000, 0x121207a8, 0x12120800, 0x15400000)
 Metaspace       used 19950K, capacity 20465K, committed 20480K, reserved 20864K
}

