# JRE version: Java(TM) SE Runtime Environment (8.0_92-b14) (build 1.8.0_92-b14)
# Java VM: Java HotSpot(TM) Client VM (25.92-b14 mixed mode windows-x86 )
Heap:
 def new generation   total 39424K, used 22532K [0x05400000, 0x07ec0000, 0x0fea0000)
  eden space 35072K,  55% used [0x05400000, 0x066ee958, 0x07640000)
  from space 4352K,  72% used [0x07640000, 0x07952a28, 0x07a80000)
  to   space 4352K,   0% used [0x07a80000, 0x07a80000, 0x07ec0000)
 tenured generation   total 87424K, used 42041K [0x0fea0000, 0x15400000, 0x25400000)
   the space 87424K,  48% used [0x0fea0000, 0x127ae620, 0x127ae800, 0x15400000)
 Metaspace       used 20332K, capacity 20821K, committed 20992K, reserved 21888K
GC Heap History (10 events):
Event: 10625.496 GC heap before
{Heap before GC invocations=69 (full 2):
 def new generation   total 39424K, used 35739K [0x05400000, 0x07ec0000, 0x0fea0000)
  eden space 35072K, 100% used [0x05400000, 0x07640000, 0x07640000)
  from space 4352K,  15% used [0x07a80000, 0x07b26cf8, 0x07ec0000)
  to   space 4352K,   0% used [0x07640000, 0x07640000, 0x07a80000)
 tenured generation   total 87424K, used 41822K [0x0fea0000, 0x15400000, 0x25400000)
   the space 87424K,  47% used [0x0fea0000, 0x12777af0, 0x12777c00, 0x15400000)
 Metaspace       used 20325K, capacity 20779K, committed 20992K, reserved 21888K
Event: 10625.501 GC heap after
Heap after GC invocations=70 (full 2):
 def new generation   total 39424K, used 1044K [0x05400000, 0x07ec0000, 0x0fea0000)
  eden space 35072K,   0% used [0x05400000, 0x05400000, 0x07640000)
  from space 4352K,  23% used [0x07640000, 0x077451e0, 0x07a80000)
  to   space 4352K,   0% used [0x07a80000, 0x07a80000, 0x07ec0000)
 tenured generation   total 87424K, used 41832K [0x0fea0000, 0x15400000, 0x25400000)
   the space 87424K,  47% used [0x0fea0000, 0x1277a178, 0x1277a200, 0x15400000)
 Metaspace       used 20325K, capacity 20779K, committed 20992K, reserved 21888K
}
Event: 11449.566 GC heap before
{Heap before GC invocations=70 (full 2):
 def new generation   total 39424K, used 36116K [0x05400000, 0x07ec0000, 0x0fea0000)
  eden space 35072K, 100% used [0x05400000, 0x07640000, 0x07640000)
  from space 4352K,  23% used [0x07640000, 0x077451e0, 0x07a80000)
  to   space 4352K,   0% used [0x07a80000, 0x07a80000, 0x07ec0000)
 tenured generation   total 87424K, used 41832K [0x0fea0000, 0x15400000, 0x25400000)
   the space 87424K,  47% used [0x0fea0000, 0x1277a178, 0x1277a200, 0x15400000)
 Metaspace       used 20325K, capacity 20779K, committed 20992K, reserved 21888K
Event: 11449.571 GC heap after
Heap after GC invocations=71 (full 2):
 def new generation   total 39424K, used 559K [0x05400000, 0x07ec0000, 0x0fea0000)
  eden space 35072K,   0% used [0x05400000, 0x05400000, 0x07640000)
  from space 4352K,  12% used [0x07a80000, 0x07b0bf60, 0x07ec0000)
  to   space 4352K,   0% used [0x07640000, 0x07640000, 0x07a80000)
 tenured generation   total 87424K, used 41837K [0x0fea0000, 0x15400000, 0x25400000)
   the space 87424K,  47% used [0x0fea0000, 0x1277b518, 0x1277b600, 0x15400000)
 Metaspace       used 20325K, capacity 20779K, committed 20992K, reserved 21888K
}
Event: 12012.909 GC heap before
{Heap before GC invocations=71 (full 2):
 def new generation   total 39424K, used 35631K [0x05400000, 0x07ec0000, 0x0fea0000)
  eden space 35072K, 100% used [0x05400000, 0x07640000, 0x07640000)
  from space 4352K,  12% used [0x07a80000, 0x07b0bf60, 0x07ec0000)
  to   space 4352K,   0% used [0x07640000, 0x07640000, 0x07a80000)
 tenured generation   total 87424K, used 41837K [0x0fea0000, 0x15400000, 0x25400000)
   the space 87424K,  47% used [0x0fea0000, 0x1277b518, 0x1277b600, 0x15400000)
 Metaspace       used 20327K, capacity 20781K, committed 20992K, reserved 21888K
Event: 12012.917 GC heap after
Heap after GC invocations=72 (full 2):
 def new generation   total 39424K, used 1078K [0x05400000, 0x07ec0000, 0x0fea0000)
  eden space 35072K,   0% used [0x05400000, 0x05400000, 0x07640000)
  from space 4352K,  24% used [0x07640000, 0x0774dbd0, 0x07a80000)
  to   space 4352K,   0% used [0x07a80000, 0x07a80000, 0x07ec0000)
 tenured generation   total 87424K, used 41843K [0x0fea0000, 0x15400000, 0x25400000)
   the space 87424K,  47% used [0x0fea0000, 0x1277cec0, 0x1277d000, 0x15400000)
 Metaspace       used 20327K, capacity 20781K, committed 20992K, reserved 21888K
}
Event: 12069.367 GC heap before
{Heap before GC invocations=72 (full 2):
 def new generation   total 39424K, used 36150K [0x05400000, 0x07ec0000, 0x0fea0000)
  eden space 35072K, 100% used [0x05400000, 0x07640000, 0x07640000)
  from space 4352K,  24% used [0x07640000, 0x0774dbd0, 0x07a80000)
  to   space 4352K,   0% used [0x07a80000, 0x07a80000, 0x07ec0000)
 tenured generation   total 87424K, used 41843K [0x0fea0000, 0x15400000, 0x25400000)
   the space 87424K,  47% used [0x0fea0000, 0x1277cec0, 0x1277d000, 0x15400000)
 Metaspace       used 20327K, capacity 20781K, committed 20992K, reserved 21888K
Event: 12069.377 GC heap after
Heap after GC invocations=73 (full 2):
 def new generation   total 39424K, used 1090K [0x05400000, 0x07ec0000, 0x0fea0000)
  eden space 35072K,   0% used [0x05400000, 0x05400000, 0x07640000)
  from space 4352K,  25% used [0x07a80000, 0x07b90b90, 0x07ec0000)
  to   space 4352K,   0% used [0x07640000, 0x07640000, 0x07a80000)
 tenured generation   total 87424K, used 41863K [0x0fea0000, 0x15400000, 0x25400000)
   the space 87424K,  47% used [0x0fea0000, 0x12781e88, 0x12782000, 0x15400000)
 Metaspace       used 20327K, capacity 20781K, committed 20992K, reserved 21888K
}
Event: 12126.179 GC heap before
{Heap before GC invocations=73 (full 2):
 def new generation   total 39424K, used 36162K [0x05400000, 0x07ec0000, 0x0fea0000)
  eden space 35072K, 100% used [0x05400000, 0x07640000, 0x07640000)
  from space 4352K,  25% used [0x07a80000, 0x07b90b90, 0x07ec0000)
  to   space 4352K,   0% used [0x07640000, 0x07640000, 0x07a80000)
 tenured generation   total 87424K, used 41863K [0x0fea0000, 0x15400000, 0x25400000)
   the space 87424K,  47% used [0x0fea0000, 0x12781e88, 0x12782000, 0x15400000)
 Metaspace       used 20331K, capacity 20818K, committed 20992K, reserved 21888K
Event: 12126.187 GC heap after
Heap after GC invocations=74 (full 2):
 def new generation   total 39424K, used 3146K [0x05400000, 0x07ec0000, 0x0fea0000)
  eden space 35072K,   0% used [0x05400000, 0x05400000, 0x07640000)
  from space 4352K,  72% used [0x07640000, 0x07952a28, 0x07a80000)
  to   space 4352K,   0% used [0x07a80000, 0x07a80000, 0x07ec0000)
 tenured generation   total 87424K, used 42041K [0x0fea0000, 0x15400000, 0x25400000)
   the space 87424K,  48% used [0x0fea0000, 0x127ae620, 0x127ae800, 0x15400000)
 Metaspace       used 20331K, capacity 20818K, committed 20992K, reserved 21888K
}

