# JRE version: Java(TM) SE Runtime Environment (8.0_92-b14) (build 1.8.0_92-b14)
# Java VM: Java HotSpot(TM) Client VM (25.92-b14 mixed mode windows-x86 )
Heap:
 def new generation   total 39424K, used 30661K [0x04c00000, 0x076c0000, 0x0f6a0000)
  eden space 35072K,  84% used [0x04c00000, 0x068c9b30, 0x06e40000)
  from space 4352K,  27% used [0x07280000, 0x073a79e0, 0x076c0000)
  to   space 4352K,   0% used [0x06e40000, 0x06e40000, 0x07280000)
 tenured generation   total 87424K, used 23090K [0x0f6a0000, 0x14c00000, 0x24c00000)
   the space 87424K,  26% used [0x0f6a0000, 0x10d2ca08, 0x10d2cc00, 0x14c00000)
 Metaspace       used 19660K, capacity 20041K, committed 20096K, reserved 20864K
GC Heap History (10 events):
Event: 221.731 GC heap before
{Heap before GC invocations=5 (full 1):
 def new generation   total 39424K, used 38700K [0x04c00000, 0x076c0000, 0x0f6a0000)
  eden space 35072K, 100% used [0x04c00000, 0x06e40000, 0x06e40000)
  from space 4352K,  83% used [0x06e40000, 0x071cb328, 0x07280000)
  to   space 4352K,   0% used [0x07280000, 0x07280000, 0x076c0000)
 tenured generation   total 87424K, used 17302K [0x0f6a0000, 0x14c00000, 0x24c00000)
   the space 87424K,  19% used [0x0f6a0000, 0x10785878, 0x10785a00, 0x14c00000)
 Metaspace       used 19463K, capacity 19873K, committed 19968K, reserved 20864K
Event: 221.749 GC heap after
Heap after GC invocations=6 (full 1):
 def new generation   total 39424K, used 4352K [0x04c00000, 0x076c0000, 0x0f6a0000)
  eden space 35072K,   0% used [0x04c00000, 0x04c00000, 0x06e40000)
  from space 4352K, 100% used [0x07280000, 0x076c0000, 0x076c0000)
  to   space 4352K,   0% used [0x06e40000, 0x06e40000, 0x07280000)
 tenured generation   total 87424K, used 20508K [0x0f6a0000, 0x14c00000, 0x24c00000)
   the space 87424K,  23% used [0x0f6a0000, 0x10aa7108, 0x10aa7200, 0x14c00000)
 Metaspace       used 19463K, capacity 19873K, committed 19968K, reserved 20864K
}
Event: 318.336 GC heap before
{Heap before GC invocations=6 (full 1):
 def new generation   total 39424K, used 39424K [0x04c00000, 0x076c0000, 0x0f6a0000)
  eden space 35072K, 100% used [0x04c00000, 0x06e40000, 0x06e40000)
  from space 4352K, 100% used [0x07280000, 0x076c0000, 0x076c0000)
  to   space 4352K,   0% used [0x06e40000, 0x06e40000, 0x07280000)
 tenured generation   total 87424K, used 20508K [0x0f6a0000, 0x14c00000, 0x24c00000)
   the space 87424K,  23% used [0x0f6a0000, 0x10aa7108, 0x10aa7200, 0x14c00000)
 Metaspace       used 19469K, capacity 19876K, committed 19968K, reserved 20864K
Event: 318.349 GC heap after
Heap after GC invocations=7 (full 1):
 def new generation   total 39424K, used 1771K [0x04c00000, 0x076c0000, 0x0f6a0000)
  eden space 35072K,   0% used [0x04c00000, 0x04c00000, 0x06e40000)
  from space 4352K,  40% used [0x06e40000, 0x06ffaf58, 0x07280000)
  to   space 4352K,   0% used [0x07280000, 0x07280000, 0x076c0000)
 tenured generation   total 87424K, used 21874K [0x0f6a0000, 0x14c00000, 0x24c00000)
   the space 87424K,  25% used [0x0f6a0000, 0x10bfc850, 0x10bfca00, 0x14c00000)
 Metaspace       used 19469K, capacity 19876K, committed 19968K, reserved 20864K
}
Event: 384.471 GC heap before
{Heap before GC invocations=7 (full 1):
 def new generation   total 39424K, used 36843K [0x04c00000, 0x076c0000, 0x0f6a0000)
  eden space 35072K, 100% used [0x04c00000, 0x06e40000, 0x06e40000)
  from space 4352K,  40% used [0x06e40000, 0x06ffaf58, 0x07280000)
  to   space 4352K,   0% used [0x07280000, 0x07280000, 0x076c0000)
 tenured generation   total 87424K, used 21874K [0x0f6a0000, 0x14c00000, 0x24c00000)
   the space 87424K,  25% used [0x0f6a0000, 0x10bfc850, 0x10bfca00, 0x14c00000)
 Metaspace       used 19538K, capacity 19940K, committed 19968K, reserved 20864K
Event: 384.480 GC heap after
Heap after GC invocations=8 (full 1):
 def new generation   total 39424K, used 2428K [0x04c00000, 0x076c0000, 0x0f6a0000)
  eden space 35072K,   0% used [0x04c00000, 0x04c00000, 0x06e40000)
  from space 4352K,  55% used [0x07280000, 0x074df048, 0x076c0000)
  to   space 4352K,   0% used [0x06e40000, 0x06e40000, 0x07280000)
 tenured generation   total 87424K, used 21874K [0x0f6a0000, 0x14c00000, 0x24c00000)
   the space 87424K,  25% used [0x0f6a0000, 0x10bfc850, 0x10bfca00, 0x14c00000)
 Metaspace       used 19538K, capacity 19940K, committed 19968K, reserved 20864K
}
Event: 817.379 GC heap before
{Heap before GC invocations=8 (full 1):
 def new generation   total 39424K, used 37500K [0x04c00000, 0x076c0000, 0x0f6a0000)
  eden space 35072K, 100% used [0x04c00000, 0x06e40000, 0x06e40000)
  from space 4352K,  55% used [0x07280000, 0x074df048, 0x076c0000)
  to   space 4352K,   0% used [0x06e40000, 0x06e40000, 0x07280000)
 tenured generation   total 87424K, used 21874K [0x0f6a0000, 0x14c00000, 0x24c00000)
   the space 87424K,  25% used [0x0f6a0000, 0x10bfc850, 0x10bfca00, 0x14c00000)
 Metaspace       used 19660K, capacity 20041K, committed 20096K, reserved 20864K
Event: 817.394 GC heap after
Heap after GC invocations=9 (full 1):
 def new generation   total 39424K, used 1118K [0x04c00000, 0x076c0000, 0x0f6a0000)
  eden space 35072K,   0% used [0x04c00000, 0x04c00000, 0x06e40000)
  from space 4352K,  25% used [0x06e40000, 0x06f57850, 0x07280000)
  to   space 4352K,   0% used [0x07280000, 0x07280000, 0x076c0000)
 tenured generation   total 87424K, used 23090K [0x0f6a0000, 0x14c00000, 0x24c00000)
   the space 87424K,  26% used [0x0f6a0000, 0x10d2ca08, 0x10d2cc00, 0x14c00000)
 Metaspace       used 19660K, capacity 20041K, committed 20096K, reserved 20864K
}
Event: 903.765 GC heap before
{Heap before GC invocations=9 (full 1):
 def new generation   total 39424K, used 36190K [0x04c00000, 0x076c0000, 0x0f6a0000)
  eden space 35072K, 100% used [0x04c00000, 0x06e40000, 0x06e40000)
  from space 4352K,  25% used [0x06e40000, 0x06f57850, 0x07280000)
  to   space 4352K,   0% used [0x07280000, 0x07280000, 0x076c0000)
 tenured generation   total 87424K, used 23090K [0x0f6a0000, 0x14c00000, 0x24c00000)
   the space 87424K,  26% used [0x0f6a0000, 0x10d2ca08, 0x10d2cc00, 0x14c00000)
 Metaspace       used 19660K, capacity 20041K, committed 20096K, reserved 20864K
Event: 903.774 GC heap after
Heap after GC invocations=10 (full 1):
 def new generation   total 39424K, used 1182K [0x04c00000, 0x076c0000, 0x0f6a0000)
  eden space 35072K,   0% used [0x04c00000, 0x04c00000, 0x06e40000)
  from space 4352K,  27% used [0x07280000, 0x073a79e0, 0x076c0000)
  to   space 4352K,   0% used [0x06e40000, 0x06e40000, 0x07280000)
 tenured generation   total 87424K, used 23090K [0x0f6a0000, 0x14c00000, 0x24c00000)
   the space 87424K,  26% used [0x0f6a0000, 0x10d2ca08, 0x10d2cc00, 0x14c00000)
 Metaspace       used 19660K, capacity 20041K, committed 20096K, reserved 20864K
}

